Build started 01/12/2016 23:20:36.
     1>Project "D:\My Documents\CodeBreaker\CodeBreaker\CodeBreaker.vcxproj" on node 2 (Build target(s)).
     1>Building with tools version "14.0".
     1>Target "_CheckForInvalidConfigurationAndPlatform" in file "C:\Program Files (x86)\MSBuild\14.0\bin\Microsoft.Common.CurrentVersion.targets" from project "D:\My Documents\CodeBreaker\CodeBreaker\CodeBreaker.vcxproj" (entry point):
       Task "Error" skipped, due to false condition; ( '$(_InvalidConfigurationError)' == 'true' ) was evaluated as ( '' == 'true' ).
       Task "Warning" skipped, due to false condition; ( '$(_InvalidConfigurationWarning)' == 'true' ) was evaluated as ( '' == 'true' ).
       Using "Message" task from assembly "Microsoft.Build.Tasks.Core, Version=14.0.0.0, Culture=neutral, PublicKeyToken=b03f5f7f11d50a3a".
       Task "Message"
         Configuration=Debug
       Done executing task "Message".
       Task "Message"
         Platform=Win32
       Done executing task "Message".
       Task "Error" skipped, due to false condition; ('$(OutDir)' != '' and !HasTrailingSlash('$(OutDir)')) was evaluated as ('D:\My Documents\CodeBreaker\Debug\' != '' and !HasTrailingSlash('D:\My Documents\CodeBreaker\Debug\')).
       Task "Error" skipped, due to false condition; ('$(BaseIntermediateOutputPath)' != '' and !HasTrailingSlash('$(BaseIntermediateOutputPath)')) was evaluated as ('obj\' != '' and !HasTrailingSlash('obj\')).
       Task "Error" skipped, due to false condition; ('$(IntermediateOutputPath)' != '' and !HasTrailingSlash('$(IntermediateOutputPath)')) was evaluated as ('Debug\' != '' and !HasTrailingSlash('Debug\')).
     1>Done building target "_CheckForInvalidConfigurationAndPlatform" in project "CodeBreaker.vcxproj".
     1>Target "_PrepareForBuild" in file "C:\Program Files (x86)\MSBuild\Microsoft.Cpp\v4.0\V140\Microsoft.BuildSteps.Targets" from project "D:\My Documents\CodeBreaker\CodeBreaker\CodeBreaker.vcxproj" (target "Build" depends on it):
       Task "CreateItem" skipped, due to false condition; ('%(CustomBuild.IncludeFileToTool)'!='') was evaluated as (''!='').
     1>Done building target "_PrepareForBuild" in project "CodeBreaker.vcxproj".
     1>Target "_PrepareForReferenceResolution" in file "C:\Program Files (x86)\MSBuild\Microsoft.Cpp\v4.0\V140\Microsoft.CppBuild.targets" from project "D:\My Documents\CodeBreaker\CodeBreaker\CodeBreaker.vcxproj" (target "ResolveReferences" depends on it):
       Task "Message" skipped, due to false condition; ('$(_REFERENCE_DEBUG)'=='true') was evaluated as (''=='true').
     1>Done building target "_PrepareForReferenceResolution" in project "CodeBreaker.vcxproj".
       Target "ComputeCrtSDKReference" skipped, due to false condition; ('@(ClCompile)'!='' and '$(WindowsAppContainer)'=='true' and '$(UseCrtSDKReference)' != 'false') was evaluated as ('Amsco.cpp;Bifid.cpp;BinaryConvert.cpp;Cadenus.cpp;CodeBreaker.cpp;ColumnarTransposition.cpp;FourSquare.cpp;Globals.cpp;Hill.cpp;Playfair.cpp;PolybiusSquare.cpp;RailFence.cpp;SimpleSubstitution.cpp;stdafx.cpp;Trifid.cpp;Vigenere.cpp'!='' and 'false'=='true' and '' != 'false').
     1>Target "BeforeResolveReferences" in file "C:\Program Files (x86)\MSBuild\14.0\bin\Microsoft.Common.CurrentVersion.targets" from project "D:\My Documents\CodeBreaker\CodeBreaker\CodeBreaker.vcxproj" (target "ResolveReferences" depends on it):
     1>Done building target "BeforeResolveReferences" in project "CodeBreaker.vcxproj".
     1>Target "AssignProjectConfiguration" in file "C:\Program Files (x86)\MSBuild\14.0\bin\Microsoft.Common.CurrentVersion.targets" from project "D:\My Documents\CodeBreaker\CodeBreaker\CodeBreaker.vcxproj" (target "ResolveReferences" depends on it):
       Using "AssignProjectConfiguration" task from assembly "Microsoft.Build.Tasks.Core, Version=14.0.0.0, Culture=neutral, PublicKeyToken=b03f5f7f11d50a3a".
       Task "AssignProjectConfiguration"
       Done executing task "AssignProjectConfiguration".
     1>Done building target "AssignProjectConfiguration" in project "CodeBreaker.vcxproj".
       Target "AssignProjectConfiguration" skipped. Previously built successfully.
     1>Target "_SplitProjectReferencesByFileExistence" in file "C:\Program Files (x86)\MSBuild\14.0\bin\Microsoft.Common.CurrentVersion.targets" from project "D:\My Documents\CodeBreaker\CodeBreaker\CodeBreaker.vcxproj" (target "ResolveProjectReferences" depends on it):
       Task "ResolveNonMSBuildProjectOutput" skipped, due to false condition; ('$(BuildingInsideVisualStudio)'=='true' and '@(ProjectReferenceWithConfiguration)'!='') was evaluated as ('true'=='true' and ''!='').
     1>Done building target "_SplitProjectReferencesByFileExistence" in project "CodeBreaker.vcxproj".
       Target "_RemoveNameMetadataFromProjectReferenceItems" skipped, due to false condition; ('@(ProjectReference)'!='') was evaluated as (''!='').
     1>Target "ResolveProjectReferences" in file "C:\Program Files (x86)\MSBuild\14.0\bin\Microsoft.Common.CurrentVersion.targets" from project "D:\My Documents\CodeBreaker\CodeBreaker\CodeBreaker.vcxproj" (target "ResolveReferences" depends on it):
       Task "MSBuild" skipped, due to false condition; ('%(_MSBuildProjectReferenceExistent.BuildReference)' == 'true' and '@(ProjectReferenceWithConfiguration)' != '' and ('$(BuildingInsideVisualStudio)' == 'true' or '$(BuildProjectReferences)' != 'true') and '$(VisualStudioVersion)' != '10.0' and '@(_MSBuildProjectReferenceExistent)' != '') was evaluated as ('' == 'true' and '' != '' and ('true' == 'true' or 'true' != 'true') and '14.0' != '10.0' and '' != '').
       Task "MSBuild" skipped, due to false condition; ('%(_MSBuildProjectReferenceExistent.BuildReference)' == 'true' and '@(ProjectReferenceWithConfiguration)' != '' and ('$(BuildingInsideVisualStudio)' == 'true' or '$(BuildProjectReferences)' != 'true') and '$(VisualStudioVersion)' == '10.0' and '@(_MSBuildProjectReferenceExistent)' != '') was evaluated as ('' == 'true' and '' != '' and ('true' == 'true' or 'true' != 'true') and '14.0' == '10.0' and '' != '').
       Task "MSBuild" skipped, due to false condition; ('%(_MSBuildProjectReferenceExistent.BuildReference)' == 'true' and '@(ProjectReferenceWithConfiguration)' != '' and '$(BuildingInsideVisualStudio)' != 'true' and '$(BuildProjectReferences)' == 'true' and '@(_MSBuildProjectReferenceExistent)' != '') was evaluated as ('' == 'true' and '' != '' and 'true' != 'true' and 'true' == 'true' and '' != '').
       Task "MSBuild" skipped, due to false condition; ('%(_MSBuildProjectReferenceExistent.BuildReference)' == 'true' and '@(ProjectReferenceWithConfiguration)' != '' and '$(BuildingProject)' == 'true' and '@(_MSBuildProjectReferenceExistent)' != '') was evaluated as ('' == 'true' and '' != '' and 'true' == 'true' and '' != '').
       Task "Warning" skipped, due to false condition; ('@(ProjectReferenceWithConfiguration)' != '' and '@(_MSBuildProjectReferenceNonexistent)' != '') was evaluated as ('' != '' and '' != '').
     1>Done building target "ResolveProjectReferences" in project "CodeBreaker.vcxproj".
       Target "FindInvalidProjectReferences" skipped, due to false condition; ('$(FindInvalidProjectReferences)' == 'true') was evaluated as ('' == 'true').
       Target "ResolveNativeReferences" skipped, due to false condition; ('@(NativeReference)'!='') was evaluated as (''!='').
       Target "_PrepareForReferenceResolution" skipped. Previously built successfully.
     1>Target "GetFrameworkPaths" in file "C:\Program Files (x86)\MSBuild\14.0\bin\Microsoft.NetFramework.CurrentVersion.targets" from project "D:\My Documents\CodeBreaker\CodeBreaker\CodeBreaker.vcxproj" (target "ResolveAssemblyReferences" depends on it):
     1>Done building target "GetFrameworkPaths" in project "CodeBreaker.vcxproj".
       Target "GetWinFXPath" skipped, due to false condition; (('@(Page)' != '' or '@(ApplicationDefinition)' != '' or '@(Resource)' != '') and ('$(GetWinFXNativePath)' != '' or '$(GetWinFXWoWPath)' != '' )) was evaluated as (('' != '' or '' != '' or '' != '') and ('' != '' or '' != '' )).
     1>Target "GetReferenceAssemblyPaths" in file "C:\Program Files (x86)\MSBuild\14.0\bin\Microsoft.Common.CurrentVersion.targets" from project "D:\My Documents\CodeBreaker\CodeBreaker\CodeBreaker.vcxproj" (target "ResolveAssemblyReferences" depends on it):
       Task "GetReferenceAssemblyPaths" skipped, due to false condition; ('$(TargetFrameworkMoniker)' != '' and ('$(_TargetFrameworkDirectories)' == '' or '$(_FullFrameworkReferenceAssemblyPaths)' == '')) was evaluated as ('' != '' and ('C:\Program Files (x86)\Reference Assemblies\Microsoft\Framework\.NETFramework\v4.0' == '' or 'C:\Program Files (x86)\Reference Assemblies\Microsoft\Framework\.NETFramework\v4.0' == '')).
     1>Done building target "GetReferenceAssemblyPaths" in project "CodeBreaker.vcxproj".
     1>Target "SetBuildDefaultEnvironmentVariables" in file "C:\Program Files (x86)\MSBuild\Microsoft.Cpp\v4.0\V140\Microsoft.Cpp.Current.targets" from project "D:\My Documents\CodeBreaker\CodeBreaker\CodeBreaker.vcxproj" (target "PrepareForBuild" depends on it):
       Using "SetEnv" task from assembly "C:\Program Files (x86)\MSBuild\Microsoft.Cpp\v4.0\V140\Microsoft.Build.CppTasks.Common.dll".
       Task "SetEnv"
         PATH=C:\Program Files (x86)\Microsoft Visual Studio 14.0\VC\bin;C:\Program Files (x86)\Windows Kits\8.1\bin\x86;;C:\Program Files (x86)\Microsoft SDKs\Windows\v10.0A\bin\NETFX 4.6.1 Tools;C:\Program Files (x86)\Microsoft Visual Studio 14.0\Common7\tools;C:\Program Files (x86)\Microsoft Visual Studio 14.0\Common7\ide;C:\Program Files (x86)\HTML Help Workshop;;C:\Program Files (x86)\MSBuild\14.0\bin\;C:\WINDOWS\Microsoft.NET\Framework\v4.0.30319\;C:\WINDOWS\SysWow64;;C:\ProgramData\Oracle\Java\javapath;C:\Program Files (x86)\Intel\iCLS Client\;C:\Program Files\Intel\iCLS Client\;C:\WINDOWS\system32;C:\WINDOWS;C:\WINDOWS\System32\Wbem;C:\WINDOWS\System32\WindowsPowerShell\v1.0\;C:\Program Files (x86)\NVIDIA Corporation\PhysX\Common;C:\Program Files\Intel\Intel(R) Management Engine Components\DAL;C:\Program Files\Intel\Intel(R) Management Engine Components\IPT;C:\Program Files (x86)\Intel\Intel(R) Management Engine Components\DAL;C:\Program Files (x86)\Intel\Intel(R) Management Engine Components\IPT;C:\Users\james\.dnx\bin;C:\Program Files\Microsoft DNX\Dnvm\;C:\Program Files (x86)\Windows Kits\8.1\Windows Performance Toolkit\;D:\Program Files (x86)\Brackets\command;C:\Program Files (x86)\Skype\Phone\;C:\Program Files (x86)\GtkSharp\2.12\bin;D:\Program Files (x86)\EaseUS\Todo Backup\bin;C:\WINDOWS\system32;C:\WINDOWS;C:\WINDOWS\System32\Wbem;C:\WINDOWS\System32\WindowsPowerShell\v1.0\;C:\Program Files\Microsoft SQL Server\130\Tools\Binn\;D:\Programs\Tortoise HG\;C:\Android;C:\Windows\System32;D:\Go\bin;D:\Python\Python35-32\Scripts\;D:\Python\Python35-32\;D:\Program Files (x86)\Nmap;D:\Python\Python27\;D:\Python\Python27\Scripts\;C:\Users\james\AppData\Local\Microsoft\WindowsApps;
       Done executing task "SetEnv".
       Task "SetEnv"
         LIB=C:\Program Files (x86)\Microsoft Visual Studio 14.0\VC\lib;;C:\Program Files (x86)\Microsoft Visual Studio 14.0\VC\atlmfc\lib;;C:\Program Files (x86)\Windows Kits\10\lib\10.0.10240.0\ucrt\x86;;;C:\Program Files (x86)\Windows Kits\8.1\lib\winv6.3\um\x86;;C:\Program Files (x86)\Windows Kits\NETFXSDK\4.6.1\Lib\um\x86
       Done executing task "SetEnv".
       Task "SetEnv"
         LIBPATH=C:\Program Files (x86)\Microsoft Visual Studio 14.0\VC\atlmfc\lib;;C:\Program Files (x86)\Microsoft Visual Studio 14.0\VC\lib;
       Done executing task "SetEnv".
       Task "SetEnv"
         INCLUDE=D:\My Downloads\eigen-eigen-26667be4f70b\eigen-eigen-26667be4f70b;C:\Program Files (x86)\Microsoft Visual Studio 14.0\VC\include;;C:\Program Files (x86)\Microsoft Visual Studio 14.0\VC\atlmfc\include;;C:\Program Files (x86)\Windows Kits\10\Include\10.0.10240.0\ucrt;;;C:\Program Files (x86)\Windows Kits\8.1\Include\um;C:\Program Files (x86)\Windows Kits\8.1\Include\shared;C:\Program Files (x86)\Windows Kits\8.1\Include\winrt;;
       Done executing task "SetEnv".
     1>Done building target "SetBuildDefaultEnvironmentVariables" in project "CodeBreaker.vcxproj".
       Target "SetUserMacroEnvironmentVariables" skipped, due to false condition; ('@(BuildMacro)' != '' and '$(DesignTimeBuild)' != 'true') was evaluated as ('' != '' and '' != 'true').
     1>Target "GetResolvedWinMD" in file "C:\Program Files (x86)\MSBuild\Microsoft.Cpp\v4.0\V140\Microsoft.CppBuild.targets" from project "D:\My Documents\CodeBreaker\CodeBreaker\CodeBreaker.vcxproj" (target "PrepareForBuild" depends on it):
     1>Done building target "GetResolvedWinMD" in project "CodeBreaker.vcxproj".
     1>Target "PlatformPrepareForBuild" in file "C:\Program Files (x86)\MSBuild\Microsoft.Cpp\v4.0\V140\Microsoft.Cpp.Platform.targets" from project "D:\My Documents\CodeBreaker\CodeBreaker\CodeBreaker.vcxproj" (target "PrepareForBuild" depends on it):
       Task "VCMessage" skipped, due to false condition; ('$(_Error64bitToolsNotInstalled)' == 'true') was evaluated as ('' == 'true').
       Task "VCMessage" skipped, due to false condition; ('$(DesignTimeBuild)'!='true' and '$(_ToolsetFound)' != 'true' and '$(PlatformToolset)' == 'v110') was evaluated as (''!='true' and 'true' != 'true' and 'v140' == 'v110').
       Task "VCMessage" skipped, due to false condition; ('$(DesignTimeBuild)'!='true' and '$(_ToolsetFound)' != 'true' and '$(PlatformToolset)' == 'v100') was evaluated as (''!='true' and 'true' != 'true' and 'v140' == 'v100').
       Task "VCMessage" skipped, due to false condition; ('$(DesignTimeBuild)'!='true' and '$(_ToolsetFound)' != 'true' and '$(PlatformToolset)' == 'v90') was evaluated as (''!='true' and 'true' != 'true' and 'v140' == 'v90').
       Task "VCMessage" skipped, due to false condition; ('$(DesignTimeBuild)'!='true' and '$(_ToolsetFound)' != 'true' and '$(PlatformToolset)' != 'v90' and '$(PlatformToolset)' != 'v100' and '$(PlatformToolset)' != 'v110') was evaluated as (''!='true' and 'true' != 'true' and 'v140' != 'v90' and 'v140' != 'v100' and 'v140' != 'v110').
     1>Done building target "PlatformPrepareForBuild" in project "CodeBreaker.vcxproj".
     1>Target "Desktop_PlatformPrepareForBuild" in file "C:\Program Files (x86)\MSBuild\Microsoft.Cpp\v4.0\V140\Platforms\Win32\PlatformToolsets\v140\Toolset.targets" from project "D:\My Documents\CodeBreaker\CodeBreaker\CodeBreaker.vcxproj" (target "PrepareForBuild" depends on it):
       Task "VCMessage" skipped, due to false condition; ($(MissingSDKProps) == 'true') was evaluated as ( == 'true').
     1>Done building target "Desktop_PlatformPrepareForBuild" in project "CodeBreaker.vcxproj".
       Target "GetFrameworkPaths" skipped. Previously built successfully.
       Target "GetReferenceAssemblyPaths" skipped. Previously built successfully.
       Target "AssignLinkMetadata" skipped, due to false condition; ( '$(SynthesizeLinkMetadata)' == 'true' ) was evaluated as ( '' == 'true' ).
     1>Target "SetCABuildNativeEnvironmentVariables" in file "C:\Program Files (x86)\MSBuild\Microsoft\VisualStudio\v14.0\CodeAnalysis\Microsoft.CodeAnalysis.targets" from project "D:\My Documents\CodeBreaker\CodeBreaker\CodeBreaker.vcxproj" (target "PrepareForBuild" depends on it):
       Initializing task factory "CodeTaskFactory" from assembly "C:\Program Files (x86)\MSBuild\14.0\bin\Microsoft.Build.Tasks.Core.dll".
       Using "SetEnvironmentVariable" task from the task factory "Code Task Factory".
       Task "SetEnvironmentVariable"
       Done executing task "SetEnvironmentVariable".
     1>Done building target "SetCABuildNativeEnvironmentVariables" in project "CodeBreaker.vcxproj".
     1>Target "PrepareForBuild" in file "C:\Program Files (x86)\MSBuild\Microsoft.Cpp\v4.0\V140\Microsoft.CppBuild.targets" from project "D:\My Documents\CodeBreaker\CodeBreaker\CodeBreaker.vcxproj" (target "ResolveAssemblyReferences" depends on it):
       Task "VCMessage" skipped, due to false condition; ('$(DesignTimeBuild)' != 'true' and '$(ConfigurationPlatformExists)' != 'true') was evaluated as ('' != 'true' and 'true' != 'true').
       Using "MakeDir" task from assembly "Microsoft.Build.Tasks.Core, Version=14.0.0.0, Culture=neutral, PublicKeyToken=b03f5f7f11d50a3a".
       Task "MakeDir"
       Done executing task "MakeDir".
       Task "VCMessage" skipped, due to false condition; ('$(DesignTimeBuild)'!='true' and '$(WindowsAppContainer)'=='true' and '$(ConfigurationType)'!='Application' and '$(ConfigurationType)'!='DynamicLibrary' and '$(ConfigurationType)'!='StaticLibrary') was evaluated as (''!='true' and 'false'=='true' and 'Application'!='Application' and 'Application'!='DynamicLibrary' and 'Application'!='StaticLibrary').
       Task "VCMessage" skipped, due to false condition; ('$(DesignTimeBuild)'!='true' and '$(VCInstallDir)'=='' and '$(UseEnv)' != 'true' and ('$(TargetFrameworkVersion)'=='v3.5' or '$(TargetFrameworkVersion)'=='v3.0' or '$(TargetFrameworkVersion)'=='v2.0' )) was evaluated as (''!='true' and 'C:\Program Files (x86)\Microsoft Visual Studio 14.0\VC\'=='' and '' != 'true' and ('v4.0'=='v3.5' or 'v4.0'=='v3.0' or 'v4.0'=='v2.0' )).
       Task "VCMessage" skipped, due to false condition; ('$(DesignTimeBuild)'!='true' and '$(VCInstallDir)'=='' and '$(UseEnv)' != 'true' and '$(PlatformToolset)'=='v90') was evaluated as (''!='true' and 'C:\Program Files (x86)\Microsoft Visual Studio 14.0\VC\'=='' and '' != 'true' and 'v140'=='v90').
       Task "VCMessage" skipped, due to false condition; ('$(VCInstallDir)'=='' and '$(UseEnv)' != 'true') was evaluated as ('C:\Program Files (x86)\Microsoft Visual Studio 14.0\VC\'=='' and '' != 'true').
       Task "VCMessage" skipped, due to false condition; ('$(WindowsSDKDir)'=='' and '$(UseEnv)' != 'true') was evaluated as ('C:\Program Files (x86)\Windows Kits\8.1\'=='' and '' != 'true').
       Task "VCMessage" skipped, due to false condition; ('$(IntDirTrailingSlashWarning)'=='true') was evaluated as (''=='true').
       Task "VCMessage" skipped, due to false condition; ('$(OutDirTrailingSlashWarning)'=='true') was evaluated as (''=='true').
       Task "VCMessage" skipped, due to false condition; ('%(CompatibilityIssues.Identity)' != '' and '$(DesignTimeBuild)'!='true') was evaluated as ('' != '' and ''!='true').
       Task "VCMessage" skipped, due to false condition; ('$(_MBCS_Using)' == 'true' and '$(_MBCS_Installed)' != 'true' and '$(DesignTimeBuild)' != 'true') was evaluated as ('' == 'true' and '' != 'true' and '' != 'true').
       Task "VCMessage" skipped, due to false condition; ('$(IgnoreWarnIntDirSharingDetected)' != 'true' and '$(IntDirSharingDetected)' == 'true') was evaluated as ('' != 'true' and '' == 'true').
       Task "VCMessage" skipped, due to false condition; ('$(IgnoreWarnIntDirInTempDetected)' != 'true' and ('$(_IntDirFullpath.StartsWith($(Tmp), true, null))' == 'true' or '$(_IntDirFullpath.StartsWith($(Temp), true, null))' == 'true' or '$(_OutDirFullpath.StartsWith($(Tmp), true, null))' == 'true' or '$(_OutDirFullpath.StartsWith($(Temp), true, null))' == 'true')) was evaluated as ('' != 'true' and ('False' == 'true' or 'False' == 'true' or 'False' == 'true' or 'False' == 'true')).
       Task "MakeDir"
       Done executing task "MakeDir".
     1>Done building target "PrepareForBuild" in project "CodeBreaker.vcxproj".
       Target "_PrepareForReferenceResolution" skipped. Previously built successfully.
       Target "ComputeCrtSDKReference" skipped, due to false condition; ('@(ClCompile)'!='' and '$(WindowsAppContainer)'=='true' and '$(UseCrtSDKReference)' != 'false') was evaluated as ('Amsco.cpp;Bifid.cpp;BinaryConvert.cpp;Cadenus.cpp;CodeBreaker.cpp;ColumnarTransposition.cpp;FourSquare.cpp;Globals.cpp;Hill.cpp;Playfair.cpp;PolybiusSquare.cpp;RailFence.cpp;SimpleSubstitution.cpp;stdafx.cpp;Trifid.cpp;Vigenere.cpp'!='' and 'false'=='true' and '' != 'false').
     1>Target "GetInstalledSDKLocations" in file "C:\Program Files (x86)\MSBuild\14.0\bin\Microsoft.Common.CurrentVersion.targets" from project "D:\My Documents\CodeBreaker\CodeBreaker\CodeBreaker.vcxproj" (target "ResolveSDKReferences" depends on it):
       Task "GetInstalledSDKLocations" skipped, due to false condition; ('@(SDKReference)' != '') was evaluated as ('' != '').
       Task "GetInstalledSDKLocations" skipped, due to false condition; ('@(SDKReference)' != '' and '$(SupportWindows81SDKs)' == 'true' and '$(TargetPlatformIdentifierWindows81)' != '' and '$(TargetPlatformVersionWindows81)' != '') was evaluated as ('' != '' and '' == 'true' and '' != '' and '' != '').
       Task "GetInstalledSDKLocations" skipped, due to false condition; ('@(SDKReference)' != '' and '$(SupportWindowsPhone81SDKs)' == 'true' and '$(TargetPlatformIdentifierWindowsPhone81)' != '' and '$(TargetPlatformVersionWindowsPhone81)' != '') was evaluated as ('' != '' and '' == 'true' and '' != '' and '' != '').
     1>Done building target "GetInstalledSDKLocations" in project "CodeBreaker.vcxproj".
     1>Target "ModifyUnitTestPlatformVersion" in file "C:\Program Files (x86)\MSBuild\14.0\Microsoft.Common.targets\ImportBefore\Windows.8.1.UT_SDKReference.props" from project "D:\My Documents\CodeBreaker\CodeBreaker\CodeBreaker.vcxproj" (target "ResolveSDKReferences" depends on it):
     1>Done building target "ModifyUnitTestPlatformVersion" in project "CodeBreaker.vcxproj".
     1>Target "ResolveSDKReferences" in file "C:\Program Files (x86)\MSBuild\14.0\bin\Microsoft.Common.CurrentVersion.targets" from project "D:\My Documents\CodeBreaker\CodeBreaker\CodeBreaker.vcxproj" (target "ResolveAssemblyReferences" depends on it):
       Task "ResolveSDKReference" skipped, due to false condition; ('@(SDKReference)'!='') was evaluated as (''!='').
     1>Done building target "ResolveSDKReferences" in project "CodeBreaker.vcxproj".
       Target "ResolveSDKReferences" skipped. Previously built successfully.
     1>Target "ExpandSDKReferences" in file "C:\Program Files (x86)\MSBuild\14.0\bin\Microsoft.Common.CurrentVersion.targets" from project "D:\My Documents\CodeBreaker\CodeBreaker\CodeBreaker.vcxproj" (target "ResolveAssemblyReferences" depends on it):
       Task "GetSDKReferenceFiles" skipped, due to false condition; ('@(ResolvedSDKReference)'!='') was evaluated as (''!='').
     1>Done building target "ExpandSDKReferences" in project "CodeBreaker.vcxproj".
       Target "ResolveNuGetPackageAssets" skipped, due to false condition; ('$(ResolveNuGetPackages)' == 'true' and exists('$(ProjectLockFile)')) was evaluated as ('true' == 'true' and exists('project.lock.json')).
     1>Target "ResolveAssemblyReferences" in file "C:\Program Files (x86)\MSBuild\14.0\bin\Microsoft.Common.CurrentVersion.targets" from project "D:\My Documents\CodeBreaker\CodeBreaker\CodeBreaker.vcxproj" (target "ResolveReferences" depends on it):
       Task "ResolveAssemblyReference" skipped, due to false condition; ('@(Reference)'!='' or '@(_ResolvedProjectReferencePaths)'!='' or '@(_ExplicitReference)' != '') was evaluated as (''!='' or ''!='' or '' != '').
     1>Done building target "ResolveAssemblyReferences" in project "CodeBreaker.vcxproj".
       Target "GenerateBindingRedirects" skipped, due to false condition; ('$(AutoGenerateBindingRedirects)' == 'true' and '$(GenerateBindingRedirectsOutputType)' == 'true') was evaluated as ('' == 'true' and 'true' == 'true').
       Target "GenerateBindingRedirectsUpdateAppConfig" skipped, due to false condition; ('$(AutoGenerateBindingRedirects)' == 'true' and '$(GenerateBindingRedirectsOutputType)' == 'true' and Exists('$(_GenerateBindingRedirectsIntermediateAppConfig)')) was evaluated as ('' == 'true' and 'true' == 'true' and Exists('Debug\CodeBreaker.vcxproj.CodeBreaker.exe.config')).
       Target "ResolveComReferences" skipped, due to false condition; ('@(COMReference)'!='' or '@(COMFileReference)'!='') was evaluated as (''!='' or ''!='').
     1>Target "AfterResolveReferences" in file "C:\Program Files (x86)\MSBuild\14.0\bin\Microsoft.Common.CurrentVersion.targets" from project "D:\My Documents\CodeBreaker\CodeBreaker\CodeBreaker.vcxproj" (target "ResolveReferences" depends on it):
     1>Done building target "AfterResolveReferences" in project "CodeBreaker.vcxproj".
       Target "ImplicitlyExpandDesignTimeFacades" skipped, due to false condition; ('$(ImplicitlyExpandDesignTimeFacades)' == 'true') was evaluated as ('' == 'true').
       Target "ResolveTestReferences" skipped, due to false condition; ('@(Shadow)'!='') was evaluated as (''!='').
     1>Target "ResolveReferences" in file "C:\Program Files (x86)\MSBuild\14.0\bin\Microsoft.Common.CurrentVersion.targets" from project "D:\My Documents\CodeBreaker\CodeBreaker\CodeBreaker.vcxproj" (target "Build" depends on it):
     1>Done building target "ResolveReferences" in project "CodeBreaker.vcxproj".
       Target "PrepareForBuild" skipped. Previously built successfully.
       Target "PrepareForBuild" skipped. Previously built successfully.
     1>Target "InitializeBuildStatus" in file "C:\Program Files (x86)\MSBuild\Microsoft.Cpp\v4.0\V140\Microsoft.CppBuild.targets" from project "D:\My Documents\CodeBreaker\CodeBreaker\CodeBreaker.vcxproj" (target "Build" depends on it):
       Using "ReadLinesFromFile" task from assembly "Microsoft.Build.Tasks.Core, Version=14.0.0.0, Culture=neutral, PublicKeyToken=b03f5f7f11d50a3a".
       Task "ReadLinesFromFile"
       Done executing task "ReadLinesFromFile".
       Using "WriteLinesToFile" task from assembly "Microsoft.Build.Tasks.Core, Version=14.0.0.0, Culture=neutral, PublicKeyToken=b03f5f7f11d50a3a".
       Task "WriteLinesToFile"
       Done executing task "WriteLinesToFile".
       Using "Touch" task from assembly "Microsoft.Build.Tasks.Core, Version=14.0.0.0, Culture=neutral, PublicKeyToken=b03f5f7f11d50a3a".
       Task "Touch"
         Creating "Debug\CodeBreaker.tlog\unsuccessfulbuild" because "AlwaysCreate" was specified.
       Done executing task "Touch".
     1>Done building target "InitializeBuildStatus" in project "CodeBreaker.vcxproj".
       Target "AssignProjectConfiguration" skipped. Previously built successfully.
       Target "_SplitProjectReferencesByFileExistence" skipped. Previously built successfully.
     1>Target "BuildGenerateSourcesTraverse" in file "C:\Program Files (x86)\MSBuild\14.0\bin\Microsoft.Common.CurrentVersion.targets" from project "D:\My Documents\CodeBreaker\CodeBreaker\CodeBreaker.vcxproj" (target "BuildGenerateSources" depends on it):
       Task "MSBuild" skipped, due to false condition; ('$(BuildPassReferences)' == 'true' and '@(ProjectReferenceWithConfiguration)' != '' and '@(_MSBuildProjectReferenceExistent)' != '' and '%(_MSBuildProjectReferenceExistent.BuildReference)' == 'true') was evaluated as ('' == 'true' and '' != '' and '' != '' and '' == 'true').
     1>Done building target "BuildGenerateSourcesTraverse" in project "CodeBreaker.vcxproj".
       Target "PrepareForBuild" skipped. Previously built successfully.
       Target "ResolveReferences" skipped. Previously built successfully.
     1>Target "BeforeBuildGenerateSources" in file "C:\Program Files (x86)\MSBuild\Microsoft.Cpp\v4.0\V140\Microsoft.BuildSteps.Targets" from project "D:\My Documents\CodeBreaker\CodeBreaker\CodeBreaker.vcxproj" (target "_BuildGenerateSourcesAction" depends on it):
     1>Done building target "BeforeBuildGenerateSources" in project "CodeBreaker.vcxproj".
     1>Target "PreBuildEvent" in file "C:\Program Files (x86)\MSBuild\Microsoft.Cpp\v4.0\V140\Microsoft.CppCommon.targets" from project "D:\My Documents\CodeBreaker\CodeBreaker\CodeBreaker.vcxproj" (target "_BuildGenerateSourcesAction" depends on it):
       Task "Message" skipped, due to false condition; ('%(PreBuildEvent.Message)' != '' and '%(PreBuildEvent.Command)' != '') was evaluated as ('' != '' and '' != '').
       Task "Exec" skipped, due to false condition; ('%(PreBuildEvent.Command)' != '') was evaluated as ('' != '').
     1>Done building target "PreBuildEvent" in project "CodeBreaker.vcxproj".
       Target "CustomBuild" skipped, due to false condition; ('@(CustomBuild)' != '') was evaluated as ('' != '').
       Target "FxExport" skipped, due to false condition; ('@(FxCompile)' != '') was evaluated as ('' != '').
       Target "FxCompile" skipped, due to false condition; ('@(FxCompile)' != '') was evaluated as ('' != '').
       Target "Xsd" skipped, due to false condition; ('@(Xsd)' != '') was evaluated as ('' != '').
     1>Target "_Xsd" in file "C:\Program Files (x86)\MSBuild\Microsoft.Cpp\v4.0\V140\Microsoft.CppBuild.targets" from project "D:\My Documents\CodeBreaker\CodeBreaker\CodeBreaker.vcxproj" (target "_BuildGenerateSourcesAction" depends on it):
     1>Done building target "_Xsd" in project "CodeBreaker.vcxproj".
     1>Target "MakeDirsForMidl" in file "C:\Program Files (x86)\MSBuild\Microsoft.Cpp\v4.0\V140\Microsoft.CppBuild.targets" from project "D:\My Documents\CodeBreaker\CodeBreaker\CodeBreaker.vcxproj" (target "_Midl" depends on it):
       Task "Makedir"
       Done executing task "Makedir".
     1>Done building target "MakeDirsForMidl" in project "CodeBreaker.vcxproj".
       Target "Midl" skipped, due to false condition; ('@(Midl)' != '') was evaluated as ('' != '').
       Target "CustomBuild" skipped, due to false condition; ('@(CustomBuild)' != '') was evaluated as ('' != '').
       Target "FxExport" skipped, due to false condition; ('@(FxCompile)' != '') was evaluated as ('' != '').
       Target "FxCompile" skipped, due to false condition; ('@(FxCompile)' != '') was evaluated as ('' != '').
     1>Target "ComputeMIDLGeneratedCompileInputs" in file "C:\Program Files (x86)\MSBuild\Microsoft.Cpp\v4.0\V140\Microsoft.CppBuild.targets" from project "D:\My Documents\CodeBreaker\CodeBreaker\CodeBreaker.vcxproj" (target "_Midl" depends on it):
     1>Done building target "ComputeMIDLGeneratedCompileInputs" in project "CodeBreaker.vcxproj".
     1>Target "AfterMidl" in file "C:\Program Files (x86)\MSBuild\Microsoft.Cpp\v4.0\V140\Microsoft.CppBuild.targets" from project "D:\My Documents\CodeBreaker\CodeBreaker\CodeBreaker.vcxproj" (target "_Midl" depends on it):
     1>Done building target "AfterMidl" in project "CodeBreaker.vcxproj".
     1>Target "_Midl" in file "C:\Program Files (x86)\MSBuild\Microsoft.Cpp\v4.0\V140\Microsoft.CppBuild.targets" from project "D:\My Documents\CodeBreaker\CodeBreaker\CodeBreaker.vcxproj" (target "_BuildGenerateSourcesAction" depends on it):
     1>Done building target "_Midl" in project "CodeBreaker.vcxproj".
     1>Target "AfterBuildGenerateSources" in file "C:\Program Files (x86)\MSBuild\Microsoft.Cpp\v4.0\V140\Microsoft.BuildSteps.Targets" from project "D:\My Documents\CodeBreaker\CodeBreaker\CodeBreaker.vcxproj" (target "_BuildGenerateSourcesAction" depends on it):
     1>Done building target "AfterBuildGenerateSources" in project "CodeBreaker.vcxproj".
     1>Target "AfterBuildGenerateSourcesEvent" in file "C:\Program Files (x86)\MSBuild\Microsoft.Cpp\v4.0\V140\Microsoft.CppBuild.targets" from project "D:\My Documents\CodeBreaker\CodeBreaker\CodeBreaker.vcxproj" (target "_BuildGenerateSourcesAction" depends on it):
     1>Done building target "AfterBuildGenerateSourcesEvent" in project "CodeBreaker.vcxproj".
     1>Target "_BuildGenerateSourcesAction" in file "C:\Program Files (x86)\MSBuild\Microsoft.Cpp\v4.0\V140\Microsoft.CppBuild.targets" from project "D:\My Documents\CodeBreaker\CodeBreaker\CodeBreaker.vcxproj" (target "BuildGenerateSources" depends on it):
     1>Done building target "_BuildGenerateSourcesAction" in project "CodeBreaker.vcxproj".
     1>Target "BuildGenerateSources" in file "C:\Program Files (x86)\MSBuild\14.0\bin\Microsoft.Common.CurrentVersion.targets" from project "D:\My Documents\CodeBreaker\CodeBreaker\CodeBreaker.vcxproj" (target "Build" depends on it):
     1>Done building target "BuildGenerateSources" in project "CodeBreaker.vcxproj".
       Target "AssignProjectConfiguration" skipped. Previously built successfully.
       Target "_SplitProjectReferencesByFileExistence" skipped. Previously built successfully.
     1>Target "BuildCompileTraverse" in file "C:\Program Files (x86)\MSBuild\14.0\bin\Microsoft.Common.CurrentVersion.targets" from project "D:\My Documents\CodeBreaker\CodeBreaker\CodeBreaker.vcxproj" (target "BuildCompile" depends on it):
       Task "MSBuild" skipped, due to false condition; ('$(BuildPassReferences)' == 'true' and '@(ProjectReferenceWithConfiguration)' != '' and '@(_MSBuildProjectReferenceExistent)' != ''  and '%(_MSBuildProjectReferenceExistent.BuildReference)' == 'true') was evaluated as ('' == 'true' and '' != '' and '' != ''  and '' == 'true').
     1>Done building target "BuildCompileTraverse" in project "CodeBreaker.vcxproj".
       Target "PrepareForBuild" skipped. Previously built successfully.
       Target "ResolveReferences" skipped. Previously built successfully.
     1>Target "BeforeClCompile" in file "C:\Program Files (x86)\MSBuild\Microsoft.Cpp\v4.0\V140\Microsoft.CppBuild.targets" from project "D:\My Documents\CodeBreaker\CodeBreaker\CodeBreaker.vcxproj" (target "_ClCompile" depends on it):
     1>Done building target "BeforeClCompile" in project "CodeBreaker.vcxproj".
       Target "ComputeMIDLGeneratedCompileInputs" skipped. Previously built successfully.
     1>Target "ComputeCLInputPDBName" in file "C:\Program Files (x86)\MSBuild\Microsoft.Cpp\v4.0\V140\Microsoft.CppBuild.targets" from project "D:\My Documents\CodeBreaker\CodeBreaker\CodeBreaker.vcxproj" (target "_ClCompile" depends on it):
     1>Done building target "ComputeCLInputPDBName" in project "CodeBreaker.vcxproj".
       Target "ResolveReferences" skipped. Previously built successfully.
     1>Target "ComputeReferenceCLInput" in file "C:\Program Files (x86)\MSBuild\Microsoft.Cpp\v4.0\V140\Microsoft.CppBuild.targets" from project "D:\My Documents\CodeBreaker\CodeBreaker\CodeBreaker.vcxproj" (target "_ClCompile" depends on it):
       Task "WriteLinesToFile" skipped, due to false condition; (('@(_ReferenceCopyLocalPaths)'!='') and '$(DesignTimeBuild)' != 'true') was evaluated as ((''!='') and '' != 'true').
       Task "Message" skipped, due to false condition; ('$(_REFERENCE_DEBUG)'=='true') was evaluated as (''=='true').
     1>Done building target "ComputeReferenceCLInput" in project "CodeBreaker.vcxproj".
     1>Target "WarnCompileDuplicatedFilename" in file "C:\Program Files (x86)\MSBuild\Microsoft.Cpp\v4.0\V140\Microsoft.CppBuild.targets" from project "D:\My Documents\CodeBreaker\CodeBreaker\CodeBreaker.vcxproj" (target "_ClCompile" depends on it):
       Task "VCMessage" skipped, due to false condition; ('%(ClCompile.ExcludedFromBuild)' != 'true' and '%(Filename)%(Extension)' != '@(ClCompile->'%(Filename)%(Extension)')' and '%(ObjectFileName)' == '@(ClCompile->Metadata(ObjectFileName)->Distinct())') was evaluated as ('' != 'true' and 'Amsco.cpp' != 'Amsco.cpp' and 'Debug\' == 'Debug\').
       Task "VCMessage" skipped, due to false condition; ('%(ClCompile.ExcludedFromBuild)' != 'true' and '%(Filename)%(Extension)' != '@(ClCompile->'%(Filename)%(Extension)')' and '%(ObjectFileName)' == '@(ClCompile->Metadata(ObjectFileName)->Distinct())') was evaluated as ('' != 'true' and 'Bifid.cpp' != 'Bifid.cpp' and 'Debug\' == 'Debug\').
       Task "VCMessage" skipped, due to false condition; ('%(ClCompile.ExcludedFromBuild)' != 'true' and '%(Filename)%(Extension)' != '@(ClCompile->'%(Filename)%(Extension)')' and '%(ObjectFileName)' == '@(ClCompile->Metadata(ObjectFileName)->Distinct())') was evaluated as ('' != 'true' and 'BinaryConvert.cpp' != 'BinaryConvert.cpp' and 'Debug\' == 'Debug\').
       Task "VCMessage" skipped, due to false condition; ('%(ClCompile.ExcludedFromBuild)' != 'true' and '%(Filename)%(Extension)' != '@(ClCompile->'%(Filename)%(Extension)')' and '%(ObjectFileName)' == '@(ClCompile->Metadata(ObjectFileName)->Distinct())') was evaluated as ('' != 'true' and 'Cadenus.cpp' != 'Cadenus.cpp' and 'Debug\' == 'Debug\').
       Task "VCMessage" skipped, due to false condition; ('%(ClCompile.ExcludedFromBuild)' != 'true' and '%(Filename)%(Extension)' != '@(ClCompile->'%(Filename)%(Extension)')' and '%(ObjectFileName)' == '@(ClCompile->Metadata(ObjectFileName)->Distinct())') was evaluated as ('' != 'true' and 'CodeBreaker.cpp' != 'CodeBreaker.cpp' and 'Debug\' == 'Debug\').
       Task "VCMessage" skipped, due to false condition; ('%(ClCompile.ExcludedFromBuild)' != 'true' and '%(Filename)%(Extension)' != '@(ClCompile->'%(Filename)%(Extension)')' and '%(ObjectFileName)' == '@(ClCompile->Metadata(ObjectFileName)->Distinct())') was evaluated as ('' != 'true' and 'ColumnarTransposition.cpp' != 'ColumnarTransposition.cpp' and 'Debug\' == 'Debug\').
       Task "VCMessage" skipped, due to false condition; ('%(ClCompile.ExcludedFromBuild)' != 'true' and '%(Filename)%(Extension)' != '@(ClCompile->'%(Filename)%(Extension)')' and '%(ObjectFileName)' == '@(ClCompile->Metadata(ObjectFileName)->Distinct())') was evaluated as ('' != 'true' and 'FourSquare.cpp' != 'FourSquare.cpp' and 'Debug\' == 'Debug\').
       Task "VCMessage" skipped, due to false condition; ('%(ClCompile.ExcludedFromBuild)' != 'true' and '%(Filename)%(Extension)' != '@(ClCompile->'%(Filename)%(Extension)')' and '%(ObjectFileName)' == '@(ClCompile->Metadata(ObjectFileName)->Distinct())') was evaluated as ('' != 'true' and 'Globals.cpp' != 'Globals.cpp' and 'Debug\' == 'Debug\').
       Task "VCMessage" skipped, due to false condition; ('%(ClCompile.ExcludedFromBuild)' != 'true' and '%(Filename)%(Extension)' != '@(ClCompile->'%(Filename)%(Extension)')' and '%(ObjectFileName)' == '@(ClCompile->Metadata(ObjectFileName)->Distinct())') was evaluated as ('' != 'true' and 'Hill.cpp' != 'Hill.cpp' and 'Debug\' == 'Debug\').
       Task "VCMessage" skipped, due to false condition; ('%(ClCompile.ExcludedFromBuild)' != 'true' and '%(Filename)%(Extension)' != '@(ClCompile->'%(Filename)%(Extension)')' and '%(ObjectFileName)' == '@(ClCompile->Metadata(ObjectFileName)->Distinct())') was evaluated as ('' != 'true' and 'Playfair.cpp' != 'Playfair.cpp' and 'Debug\' == 'Debug\').
       Task "VCMessage" skipped, due to false condition; ('%(ClCompile.ExcludedFromBuild)' != 'true' and '%(Filename)%(Extension)' != '@(ClCompile->'%(Filename)%(Extension)')' and '%(ObjectFileName)' == '@(ClCompile->Metadata(ObjectFileName)->Distinct())') was evaluated as ('' != 'true' and 'PolybiusSquare.cpp' != 'PolybiusSquare.cpp' and 'Debug\' == 'Debug\').
       Task "VCMessage" skipped, due to false condition; ('%(ClCompile.ExcludedFromBuild)' != 'true' and '%(Filename)%(Extension)' != '@(ClCompile->'%(Filename)%(Extension)')' and '%(ObjectFileName)' == '@(ClCompile->Metadata(ObjectFileName)->Distinct())') was evaluated as ('' != 'true' and 'RailFence.cpp' != 'RailFence.cpp' and 'Debug\' == 'Debug\').
       Task "VCMessage" skipped, due to false condition; ('%(ClCompile.ExcludedFromBuild)' != 'true' and '%(Filename)%(Extension)' != '@(ClCompile->'%(Filename)%(Extension)')' and '%(ObjectFileName)' == '@(ClCompile->Metadata(ObjectFileName)->Distinct())') was evaluated as ('' != 'true' and 'SimpleSubstitution.cpp' != 'SimpleSubstitution.cpp' and 'Debug\' == 'Debug\').
       Task "VCMessage" skipped, due to false condition; ('%(ClCompile.ExcludedFromBuild)' != 'true' and '%(Filename)%(Extension)' != '@(ClCompile->'%(Filename)%(Extension)')' and '%(ObjectFileName)' == '@(ClCompile->Metadata(ObjectFileName)->Distinct())') was evaluated as ('' != 'true' and 'stdafx.cpp' != 'stdafx.cpp' and 'Debug\' == 'Debug\').
       Task "VCMessage" skipped, due to false condition; ('%(ClCompile.ExcludedFromBuild)' != 'true' and '%(Filename)%(Extension)' != '@(ClCompile->'%(Filename)%(Extension)')' and '%(ObjectFileName)' == '@(ClCompile->Metadata(ObjectFileName)->Distinct())') was evaluated as ('' != 'true' and 'Trifid.cpp' != 'Trifid.cpp' and 'Debug\' == 'Debug\').
       Task "VCMessage" skipped, due to false condition; ('%(ClCompile.ExcludedFromBuild)' != 'true' and '%(Filename)%(Extension)' != '@(ClCompile->'%(Filename)%(Extension)')' and '%(ObjectFileName)' == '@(ClCompile->Metadata(ObjectFileName)->Distinct())') was evaluated as ('' != 'true' and 'Vigenere.cpp' != 'Vigenere.cpp' and 'Debug\' == 'Debug\').
     1>Done building target "WarnCompileDuplicatedFilename" in project "CodeBreaker.vcxproj".
     1>Target "FixupCLCompileOptions" in file "C:\Program Files (x86)\MSBuild\Microsoft.Cpp\v4.0\V140\Microsoft.CppCommon.targets" from project "D:\My Documents\CodeBreaker\CodeBreaker\CodeBreaker.vcxproj" (target "_ClCompile" depends on it):
     1>Done building target "FixupCLCompileOptions" in project "CodeBreaker.vcxproj".
     1>Target "MakeDirsForCl" in file "C:\Program Files (x86)\MSBuild\Microsoft.Cpp\v4.0\V140\Microsoft.CppBuild.targets" from project "D:\My Documents\CodeBreaker\CodeBreaker\CodeBreaker.vcxproj" (target "_ClCompile" depends on it):
       Task "MakeDir"
       Done executing task "MakeDir".
     1>Done building target "MakeDirsForCl" in project "CodeBreaker.vcxproj".
       Target "PrepareForBuild" skipped. Previously built successfully.
       Target "SetBuildDefaultEnvironmentVariables" skipped. Previously built successfully.
       Target "SetUserMacroEnvironmentVariables" skipped, due to false condition; ('@(BuildMacro)' != '' and '$(DesignTimeBuild)' != 'true') was evaluated as ('' != '' and '' != 'true').
     1>Target "_SelectedFiles" in file "C:\Program Files (x86)\MSBuild\Microsoft.Cpp\v4.0\V140\Microsoft.CppBuild.targets" from project "D:\My Documents\CodeBreaker\CodeBreaker\CodeBreaker.vcxproj" (target "SelectClCompile" depends on it):
     1>Done building target "_SelectedFiles" in project "CodeBreaker.vcxproj".
       Target "ComputeMIDLGeneratedCompileInputs" skipped. Previously built successfully.
       Target "ComputeCLInputPDBName" skipped. Previously built successfully.
       Target "ComputeReferenceCLInput" skipped. Previously built successfully.
       Target "WarnCompileDuplicatedFilename" skipped. Previously built successfully.
       Target "FixupCLCompileOptions" skipped. Previously built successfully.
       Target "_SelectedFiles" skipped. Previously built successfully.
     1>Target "SelectCustomBuild" in file "C:\Program Files (x86)\MSBuild\Microsoft.Cpp\v4.0\V140\Microsoft.CppBuild.targets" from project "D:\My Documents\CodeBreaker\CodeBreaker\CodeBreaker.vcxproj" (target "SelectClCompile" depends on it):
     1>Done building target "SelectCustomBuild" in project "CodeBreaker.vcxproj".
     1>Target "SelectClCompile" in file "C:\Program Files (x86)\MSBuild\Microsoft.Cpp\v4.0\V140\Microsoft.CppBuild.targets" from project "D:\My Documents\CodeBreaker\CodeBreaker\CodeBreaker.vcxproj" (target "ClCompile" depends on it):
     1>Done building target "SelectClCompile" in project "CodeBreaker.vcxproj".
       Target "GenerateTargetFrameworkMonikerAttribute" skipped, due to false condition; ('$(GenerateTargetFrameworkAttribute)' == 'true') was evaluated as ('false' == 'true').
       Target "ManagedIncrementalBuildPreProcessDependencyGraph" skipped, due to false condition; ('@(ClCompile)' != '' and '$(EnableManagedIncrementalBuild)' == 'True') was evaluated as ('Amsco.cpp;Bifid.cpp;BinaryConvert.cpp;Cadenus.cpp;CodeBreaker.cpp;ColumnarTransposition.cpp;FourSquare.cpp;Globals.cpp;Hill.cpp;Playfair.cpp;PolybiusSquare.cpp;RailFence.cpp;SimpleSubstitution.cpp;stdafx.cpp;Trifid.cpp;Vigenere.cpp' != '' and 'false' == 'True').
     1>Target "ClCompile" in file "C:\Program Files (x86)\MSBuild\Microsoft.Cpp\v4.0\V140\Microsoft.CppCommon.targets" from project "D:\My Documents\CodeBreaker\CodeBreaker\CodeBreaker.vcxproj" (target "_ClCompile" depends on it):
       Task "Delete" skipped, due to false condition; ('%(ClCompile.DebugInformationFormat)' != '' and '%(ClCompile.DebugInformationFormat)' != 'None' and '%(ClCompile.DebugInformationFormat)' != 'OldStyle' and '%(ClCompile.ProgramDataBaseFileName)' != '' and !Exists(%(ClCompile.ProgramDataBaseFileName))) was evaluated as ('EditAndContinue' != '' and 'EditAndContinue' != 'None' and 'EditAndContinue' != 'OldStyle' and 'Debug\vc140.pdb' != '' and !Exists(Debug\vc140.pdb)).
       Task "CL" skipped, due to false condition; ('%(ClCompile.PrecompiledHeader)' == 'Create' and '%(ClCompile.ExcludedFromBuild)'!='true' and '%(ClCompile.CompilerIteration)' == '') was evaluated as ('Use' == 'Create' and ''!='true' and '' == '').
       Using "CL" task from assembly "C:\Program Files (x86)\MSBuild\Microsoft.Cpp\v4.0\V140\Microsoft.Build.CppTasks.Common.dll".
       Task "CL"
         Read Tracking Logs:
         	Debug\CodeBreaker.tlog\CL.read.1.tlog
         Outputs for D:\MY DOCUMENTS\CODEBREAKER\CODEBREAKER\STDAFX.CPP:
         	D:\MY DOCUMENTS\CODEBREAKER\CODEBREAKER\DEBUG\STDAFX.OBJ
         	D:\MY DOCUMENTS\CODEBREAKER\CODEBREAKER\DEBUG\CODEBREAKER.PCH
         All outputs are up-to-date.
       Done executing task "CL".
       Task "CL"
         Using cached input dependency table built from:
         	D:\My Documents\CodeBreaker\CodeBreaker\Debug\CodeBreaker.tlog\CL.read.1.tlog
         Outputs for D:\MY DOCUMENTS\CODEBREAKER\CODEBREAKER\AMSCO.CPP|D:\MY DOCUMENTS\CODEBREAKER\CODEBREAKER\BIFID.CPP|D:\MY DOCUMENTS\CODEBREAKER\CODEBREAKER\BINARYCONVERT.CPP|D:\MY DOCUMENTS\CODEBREAKER\CODEBREAKER\CADENUS.CPP|D:\MY DOCUMENTS\CODEBREAKER\CODEBREAKER\CODEBREAKER.CPP|D:\MY DOCUMENTS\CODEBREAKER\CODEBREAKER\COLUMNARTRANSPOSITION.CPP|D:\MY DOCUMENTS\CODEBREAKER\CODEBREAKER\FOURSQUARE.CPP|D:\MY DOCUMENTS\CODEBREAKER\CODEBREAKER\GLOBALS.CPP|D:\MY DOCUMENTS\CODEBREAKER\CODEBREAKER\HILL.CPP|D:\MY DOCUMENTS\CODEBREAKER\CODEBREAKER\PLAYFAIR.CPP|D:\MY DOCUMENTS\CODEBREAKER\CODEBREAKER\POLYBIUSSQUARE.CPP|D:\MY DOCUMENTS\CODEBREAKER\CODEBREAKER\RAILFENCE.CPP|D:\MY DOCUMENTS\CODEBREAKER\CODEBREAKER\SIMPLESUBSTITUTION.CPP|D:\MY DOCUMENTS\CODEBREAKER\CODEBREAKER\TRIFID.CPP|D:\MY DOCUMENTS\CODEBREAKER\CODEBREAKER\VIGENERE.CPP:
         	D:\MY DOCUMENTS\CODEBREAKER\CODEBREAKER\DEBUG\AMSCO.OBJ
         	D:\MY DOCUMENTS\CODEBREAKER\CODEBREAKER\DEBUG\BIFID.OBJ
         	D:\MY DOCUMENTS\CODEBREAKER\CODEBREAKER\DEBUG\BINARYCONVERT.OBJ
         	D:\MY DOCUMENTS\CODEBREAKER\CODEBREAKER\DEBUG\CADENUS.OBJ
         	D:\MY DOCUMENTS\CODEBREAKER\CODEBREAKER\DEBUG\CODEBREAKER.OBJ
         	D:\MY DOCUMENTS\CODEBREAKER\CODEBREAKER\DEBUG\COLUMNARTRANSPOSITION.OBJ
         	D:\MY DOCUMENTS\CODEBREAKER\CODEBREAKER\DEBUG\FOURSQUARE.OBJ
         	D:\MY DOCUMENTS\CODEBREAKER\CODEBREAKER\DEBUG\GLOBALS.OBJ
         	D:\MY DOCUMENTS\CODEBREAKER\CODEBREAKER\DEBUG\HILL.OBJ
         	D:\MY DOCUMENTS\CODEBREAKER\CODEBREAKER\DEBUG\PLAYFAIR.OBJ
         	D:\MY DOCUMENTS\CODEBREAKER\CODEBREAKER\DEBUG\POLYBIUSSQUARE.OBJ
         	D:\MY DOCUMENTS\CODEBREAKER\CODEBREAKER\DEBUG\RAILFENCE.OBJ
         	D:\MY DOCUMENTS\CODEBREAKER\CODEBREAKER\DEBUG\SIMPLESUBSTITUTION.OBJ
         	D:\MY DOCUMENTS\CODEBREAKER\CODEBREAKER\DEBUG\TRIFID.OBJ
         	D:\MY DOCUMENTS\CODEBREAKER\CODEBREAKER\DEBUG\VIGENERE.OBJ
         Hill.cpp will be compiled as D:\My Documents\CodeBreaker\CodeBreaker\Hill.cpp was modified at 01/12/2016 23:20:10.
         Environment Variables passed to tool:
           VS_UNICODE_OUTPUT=1436
         C:\Program Files (x86)\Microsoft Visual Studio 14.0\VC\bin\CL.exe /c /I"D:\My Downloads\eigen-eigen-26667be4f70b\eigen-eigen-26667be4f70b" /ZI /nologo /W3 /WX- /sdl /Od /Oy- /D WIN32 /D _DEBUG /D _CONSOLE /D _UNICODE /D UNICODE /Gm /EHsc /RTC1 /MDd /GS /fp:precise /Zc:wchar_t /Zc:forScope /Zc:inline /Yu"stdafx.h" /Fp"Debug\CodeBreaker.pch" /Fo"Debug\\" /Fd"Debug\vc140.pdb" /Gd /TP /analyze- /errorReport:prompt Hill.cpp
         Tracking command:
         C:\Program Files (x86)\MSBuild\14.0\bin\Tracker.exe /d "C:\Program Files (x86)\MSBuild\14.0\bin\FileTracker32.dll" /i "D:\My Documents\CodeBreaker\CodeBreaker\Debug\CodeBreaker.tlog" /r "D:\MY DOCUMENTS\CODEBREAKER\CODEBREAKER\HILL.CPP" /b MSBuildConsole_CancelEvent2aa896ca131444808bb08675a09636fa  /c "C:\Program Files (x86)\Microsoft Visual Studio 14.0\VC\bin\CL.exe"  /c /I"D:\My Downloads\eigen-eigen-26667be4f70b\eigen-eigen-26667be4f70b" /ZI /nologo /W3 /WX- /sdl /Od /Oy- /D WIN32 /D _DEBUG /D _CONSOLE /D _UNICODE /D UNICODE /Gm /EHsc /RTC1 /MDd /GS /fp:precise /Zc:wchar_t /Zc:forScope /Zc:inline /Yu"stdafx.h" /Fp"Debug\CodeBreaker.pch" /Fo"Debug\\" /Fd"Debug\vc140.pdb" /Gd /TP /analyze- /errorReport:prompt Hill.cpp
         Hill.cpp
     1>d:\my documents\codebreaker\codebreaker\hill.cpp(21): warning C4018: '<': signed/unsigned mismatch
     1>d:\my documents\codebreaker\codebreaker\hill.cpp(24): warning C4018: '<': signed/unsigned mismatch
       Done executing task "CL".
       Task "CL" skipped, due to false condition; ('%(ClCompile.PrecompiledHeader)' != 'Create' and '%(ClCompile.ExcludedFromBuild)'!='true' and '%(ClCompile.CompilerIteration)' == '' and @(ClCompile) != '') was evaluated as ('Create' != 'Create' and ''!='true' and '' == '' and stdafx.cpp != '').
     1>Done building target "ClCompile" in project "CodeBreaker.vcxproj".
       Target "ManagedIncrementalBuildPostProcessDependencyGraph" skipped, due to false condition; ('@(ClCompile)' != '' and '$(EnableManagedIncrementalBuild)' == 'True') was evaluated as ('Amsco.cpp;Bifid.cpp;BinaryConvert.cpp;Cadenus.cpp;CodeBreaker.cpp;ColumnarTransposition.cpp;FourSquare.cpp;Globals.cpp;Hill.cpp;Playfair.cpp;PolybiusSquare.cpp;RailFence.cpp;SimpleSubstitution.cpp;stdafx.cpp;Trifid.cpp;Vigenere.cpp' != '' and 'false' == 'True').
     1>Target "AfterClCompile" in file "C:\Program Files (x86)\MSBuild\Microsoft.Cpp\v4.0\V140\Microsoft.CppBuild.targets" from project "D:\My Documents\CodeBreaker\CodeBreaker\CodeBreaker.vcxproj" (target "_ClCompile" depends on it):
     1>Done building target "AfterClCompile" in project "CodeBreaker.vcxproj".
     1>Target "_ClCompile" in file "C:\Program Files (x86)\MSBuild\Microsoft.Cpp\v4.0\V140\Microsoft.CppBuild.targets" from project "D:\My Documents\CodeBreaker\CodeBreaker\CodeBreaker.vcxproj" (target "_BuildCompileAction" depends on it):
     1>Done building target "_ClCompile" in project "CodeBreaker.vcxproj".
       Target "_ResGen" skipped, due to false condition; ('@(EmbeddedResource)'!='') was evaluated as (''!='').
     1>Target "BeforeResourceCompile" in file "C:\Program Files (x86)\MSBuild\Microsoft.Cpp\v4.0\V140\Microsoft.CppBuild.targets" from project "D:\My Documents\CodeBreaker\CodeBreaker\CodeBreaker.vcxproj" (target "_ResourceCompile" depends on it):
     1>Done building target "BeforeResourceCompile" in project "CodeBreaker.vcxproj".
     1>Target "MakeDirsForResourceCompile" in file "C:\Program Files (x86)\MSBuild\Microsoft.Cpp\v4.0\V140\Microsoft.CppBuild.targets" from project "D:\My Documents\CodeBreaker\CodeBreaker\CodeBreaker.vcxproj" (target "_ResourceCompile" depends on it):
       Task "MakeDir"
       Done executing task "MakeDir".
     1>Done building target "MakeDirsForResourceCompile" in project "CodeBreaker.vcxproj".
       Target "ResourceCompile" skipped, due to false condition; ('@(ResourceCompile)' != '') was evaluated as ('' != '').
     1>Target "AfterResourceCompile" in file "C:\Program Files (x86)\MSBuild\Microsoft.Cpp\v4.0\V140\Microsoft.CppBuild.targets" from project "D:\My Documents\CodeBreaker\CodeBreaker\CodeBreaker.vcxproj" (target "_ResourceCompile" depends on it):
     1>Done building target "AfterResourceCompile" in project "CodeBreaker.vcxproj".
     1>Target "_ResourceCompile" in file "C:\Program Files (x86)\MSBuild\Microsoft.Cpp\v4.0\V140\Microsoft.CppBuild.targets" from project "D:\My Documents\CodeBreaker\CodeBreaker\CodeBreaker.vcxproj" (target "_BuildCompileAction" depends on it):
     1>Done building target "_ResourceCompile" in project "CodeBreaker.vcxproj".
       Target "_ImpLib" skipped, due to false condition; ('$(ImpLibCompiled)' == 'true') was evaluated as ('' == 'true').
       Target "_Lib" skipped, due to false condition; ('$(LibCompiled)' == 'true') was evaluated as ('' == 'true').
     1>Target "AfterBuildCompileEvent" in file "C:\Program Files (x86)\MSBuild\Microsoft.Cpp\v4.0\V140\Microsoft.CppBuild.targets" from project "D:\My Documents\CodeBreaker\CodeBreaker\CodeBreaker.vcxproj" (target "_BuildCompileAction" depends on it):
     1>Done building target "AfterBuildCompileEvent" in project "CodeBreaker.vcxproj".
     1>Target "_BuildCompileAction" in file "C:\Program Files (x86)\MSBuild\Microsoft.Cpp\v4.0\V140\Microsoft.CppBuild.targets" from project "D:\My Documents\CodeBreaker\CodeBreaker\CodeBreaker.vcxproj" (target "BuildCompile" depends on it):
     1>Done building target "_BuildCompileAction" in project "CodeBreaker.vcxproj".
     1>Target "BuildCompile" in file "C:\Program Files (x86)\MSBuild\14.0\bin\Microsoft.Common.CurrentVersion.targets" from project "D:\My Documents\CodeBreaker\CodeBreaker\CodeBreaker.vcxproj" (target "Build" depends on it):
     1>Done building target "BuildCompile" in project "CodeBreaker.vcxproj".
       Target "AssignProjectConfiguration" skipped. Previously built successfully.
       Target "_SplitProjectReferencesByFileExistence" skipped. Previously built successfully.
     1>Target "BuildLinkTraverse" in file "C:\Program Files (x86)\MSBuild\14.0\bin\Microsoft.Common.CurrentVersion.targets" from project "D:\My Documents\CodeBreaker\CodeBreaker\CodeBreaker.vcxproj" (target "BuildLink" depends on it):
       Task "MSBuild" skipped, due to false condition; ('$(BuildPassReferences)' == 'true' and '@(ProjectReferenceWithConfiguration)' != '' and '@(_MSBuildProjectReferenceExistent)' != ''  and '%(_MSBuildProjectReferenceExistent.BuildReference)' == 'true') was evaluated as ('' == 'true' and '' != '' and '' != ''  and '' == 'true').
     1>Done building target "BuildLinkTraverse" in project "CodeBreaker.vcxproj".
       Target "PrepareForBuild" skipped. Previously built successfully.
       Target "ResolveReferences" skipped. Previously built successfully.
     1>Target "ComputeLegacyManifestEmbedding" in file "C:\Program Files (x86)\MSBuild\Microsoft.Cpp\v4.0\V140\Microsoft.CppBuild.targets" from project "D:\My Documents\CodeBreaker\CodeBreaker\CodeBreaker.vcxproj" (target "_BuildLinkAction" depends on it):
       Task "VCMessage" skipped, due to false condition; ('$(RevertManifestEmbedding)' == 'true' and '$(_LegacyManifestEmbeddingDebug)' == 'true') was evaluated as ('' == 'true' and '' == 'true').
     1>Done building target "ComputeLegacyManifestEmbedding" in project "CodeBreaker.vcxproj".
     1>Target "BeforeLink" in file "C:\Program Files (x86)\MSBuild\Microsoft.Cpp\v4.0\V140\Microsoft.CppBuild.targets" from project "D:\My Documents\CodeBreaker\CodeBreaker\CodeBreaker.vcxproj" (target "_Link" depends on it):
     1>Done building target "BeforeLink" in project "CodeBreaker.vcxproj".
     1>Target "ComputeRCOutputs" in file "C:\Program Files (x86)\MSBuild\Microsoft.Cpp\v4.0\V140\Microsoft.CppBuild.targets" from project "D:\My Documents\CodeBreaker\CodeBreaker\CodeBreaker.vcxproj" (target "ComputeRCGeneratedLinkInputs" depends on it):
     1>Done building target "ComputeRCOutputs" in project "CodeBreaker.vcxproj".
     1>Target "ComputeRCGeneratedLinkInputs" in file "C:\Program Files (x86)\MSBuild\Microsoft.Cpp\v4.0\V140\Microsoft.CppBuild.targets" from project "D:\My Documents\CodeBreaker\CodeBreaker\CodeBreaker.vcxproj" (target "_Link" depends on it):
     1>Done building target "ComputeRCGeneratedLinkInputs" in project "CodeBreaker.vcxproj".
     1>Target "ComputeManifestGeneratedLinkerInputs" in file "C:\Program Files (x86)\MSBuild\Microsoft.Cpp\v4.0\V140\Microsoft.CppBuild.targets" from project "D:\My Documents\CodeBreaker\CodeBreaker\CodeBreaker.vcxproj" (target "_Link" depends on it):
     1>Done building target "ComputeManifestGeneratedLinkerInputs" in project "CodeBreaker.vcxproj".
     1>Target "ComputeCustomBuildOutput" in file "C:\Program Files (x86)\MSBuild\Microsoft.Cpp\v4.0\V140\Microsoft.CppBuild.targets" from project "D:\My Documents\CodeBreaker\CodeBreaker\CodeBreaker.vcxproj" (target "_Link" depends on it):
       Task "CreateItem" skipped, due to false condition; ('%(CustomBuildDirsToMake.OutputFileToTool)'!='') was evaluated as (''!='').
       Task "MakeDir"
       Done executing task "MakeDir".
     1>Done building target "ComputeCustomBuildOutput" in project "CodeBreaker.vcxproj".
       Target "ComputeMIDLGeneratedCompileInputs" skipped. Previously built successfully.
       Target "ComputeCLInputPDBName" skipped. Previously built successfully.
       Target "ComputeReferenceCLInput" skipped. Previously built successfully.
       Target "WarnCompileDuplicatedFilename" skipped. Previously built successfully.
       Target "FixupCLCompileOptions" skipped. Previously built successfully.
     1>Target "ComputeCLOutputs" in file "C:\Program Files (x86)\MSBuild\Microsoft.Cpp\v4.0\V140\Microsoft.CppBuild.targets" from project "D:\My Documents\CodeBreaker\CodeBreaker\CodeBreaker.vcxproj" (target "ComputeCLGeneratedLinkInputs" depends on it):
     1>Done building target "ComputeCLOutputs" in project "CodeBreaker.vcxproj".
     1>Target "ComputeCLGeneratedLinkInputs" in file "C:\Program Files (x86)\MSBuild\Microsoft.Cpp\v4.0\V140\Microsoft.CppBuild.targets" from project "D:\My Documents\CodeBreaker\CodeBreaker\CodeBreaker.vcxproj" (target "_Link" depends on it):
     1>Done building target "ComputeCLGeneratedLinkInputs" in project "CodeBreaker.vcxproj".
     1>Target "ComputeLinkInputsFromProject" in file "C:\Program Files (x86)\MSBuild\Microsoft.Cpp\v4.0\V140\Microsoft.CppBuild.targets" from project "D:\My Documents\CodeBreaker\CodeBreaker\CodeBreaker.vcxproj" (target "_Link" depends on it):
     1>Done building target "ComputeLinkInputsFromProject" in project "CodeBreaker.vcxproj".
       Target "ComputeReferenceLinkInputs" skipped, due to false condition; (@(ProjectReference) != '') was evaluated as ( != '').
     1>Target "ComputeManifestInputsTargets" in file "C:\Program Files (x86)\MSBuild\Microsoft.Cpp\v4.0\V140\Microsoft.CppBuild.targets" from project "D:\My Documents\CodeBreaker\CodeBreaker\CodeBreaker.vcxproj" (target "_Link" depends on it):
     1>Done building target "ComputeManifestInputsTargets" in project "CodeBreaker.vcxproj".
       Target "ManifestResourceCompile" skipped, due to false condition; ('$(EmbedManifestBy)' == 'LINK' and '@(Manifest)' != '') was evaluated as ('LINK' == 'LINK' and '' != '').
       Target "AssignWinFXEmbeddedResource" skipped, due to false condition; ('@(WinFXEmbeddedResource)' != '') was evaluated as ('' != '').
     1>Target "AssignTargetPaths" in file "C:\Program Files (x86)\MSBuild\14.0\bin\Microsoft.Common.CurrentVersion.targets" from project "D:\My Documents\CodeBreaker\CodeBreaker\CodeBreaker.vcxproj" (target "PrepareResourceNames" depends on it):
       Using "AssignTargetPath" task from assembly "Microsoft.Build.Tasks.Core, Version=14.0.0.0, Culture=neutral, PublicKeyToken=b03f5f7f11d50a3a".
       Task "AssignTargetPath"
       Done executing task "AssignTargetPath".
       Task "AssignTargetPath"
       Done executing task "AssignTargetPath".
       Task "AssignTargetPath"
       Done executing task "AssignTargetPath".
       Task "AssignTargetPath"
       Done executing task "AssignTargetPath".
       Task "AssignTargetPath" skipped, due to false condition; ('@(_DeploymentBaseManifestWithTargetPath)'=='' and '%(None.Extension)'=='.manifest') was evaluated as (''=='' and ''=='.manifest').
     1>Done building target "AssignTargetPaths" in project "CodeBreaker.vcxproj".
       Target "AssignTargetPaths" skipped. Previously built successfully.
     1>Target "SplitResourcesByCulture" in file "C:\Program Files (x86)\MSBuild\14.0\bin\Microsoft.Common.CurrentVersion.targets" from project "D:\My Documents\CodeBreaker\CodeBreaker\CodeBreaker.vcxproj" (target "PrepareResourceNames" depends on it):
       Task "Warning" skipped, due to false condition; ('@(ResxWithNoCulture)'!='') was evaluated as (''!='').
       Task "Warning" skipped, due to false condition; ('@(ResxWithCulture)'!='') was evaluated as (''!='').
       Task "Warning" skipped, due to false condition; ('@(NonResxWithCulture)'!='') was evaluated as (''!='').
       Task "Warning" skipped, due to false condition; ('@(NonResxWithNoCulture)'!='') was evaluated as (''!='').
       Using "AssignCulture" task from assembly "Microsoft.Build.Tasks.Core, Version=14.0.0.0, Culture=neutral, PublicKeyToken=b03f5f7f11d50a3a".
       Task "AssignCulture"
       Done executing task "AssignCulture".
     1>Done building target "SplitResourcesByCulture" in project "CodeBreaker.vcxproj".
       Target "CreateManifestResourceNames" skipped, due to false condition; ('@(EmbeddedResource)' != '') was evaluated as ('' != '').
     1>Target "CreateCustomManifestResourceNames" in file "C:\Program Files (x86)\MSBuild\14.0\bin\Microsoft.Common.CurrentVersion.targets" from project "D:\My Documents\CodeBreaker\CodeBreaker\CodeBreaker.vcxproj" (target "PrepareResourceNames" depends on it):
     1>Done building target "CreateCustomManifestResourceNames" in project "CodeBreaker.vcxproj".
     1>Target "PrepareResourceNames" in file "C:\Program Files (x86)\MSBuild\14.0\bin\Microsoft.Common.CurrentVersion.targets" from project "D:\My Documents\CodeBreaker\CodeBreaker\CodeBreaker.vcxproj" (target "_Link" depends on it):
     1>Done building target "PrepareResourceNames" in project "CodeBreaker.vcxproj".
     1>Target "MakeDirsForLink" in file "C:\Program Files (x86)\MSBuild\Microsoft.Cpp\v4.0\V140\Microsoft.CppBuild.targets" from project "D:\My Documents\CodeBreaker\CodeBreaker\CodeBreaker.vcxproj" (target "_Link" depends on it):
       Task "MakeDir"
       Done executing task "MakeDir".
     1>Done building target "MakeDirsForLink" in project "CodeBreaker.vcxproj".
     1>Target "DoLinkOutputFilesMatch" in file "C:\Program Files (x86)\MSBuild\Microsoft.Cpp\v4.0\V140\Microsoft.CppBuild.targets" from project "D:\My Documents\CodeBreaker\CodeBreaker\CodeBreaker.vcxproj" (target "_Link" depends on it):
       Task "VCMessage" skipped, due to false condition; ('@(_OutputFileFromLink)' == '') was evaluated as ('D:\My Documents\CodeBreaker\Debug\CodeBreaker.exe' == '').
       Task "VCMessage" skipped, due to false condition; ('@(_OutputFileFromLink)' != '' and '%(_OutputFileFromLink.FullPath)' != '$([System.IO.Path]::GetFullPath($(TargetPath)))') was evaluated as ('D:\My Documents\CodeBreaker\Debug\CodeBreaker.exe' != '' and 'D:\My Documents\CodeBreaker\Debug\CodeBreaker.exe' != 'D:\My Documents\CodeBreaker\Debug\CodeBreaker.exe').
       Task "VCMessage" skipped, due to false condition; ('@(_OutputFileFromLink)' != '' and '%(_OutputFileFromLink.Extension)' != '' and '%(_OutputFileFromLink.Extension)' != '$(TargetExt)') was evaluated as ('D:\My Documents\CodeBreaker\Debug\CodeBreaker.exe' != '' and '.exe' != '' and '.exe' != '.exe').
       Task "VCMessage" skipped, due to false condition; ('@(_OutputFileFromLink)' != '' and '%(_OutputFileFromLink.Filename)' != '' and '%(_OutputFileFromLink.Filename)' != '$(TargetName)') was evaluated as ('D:\My Documents\CodeBreaker\Debug\CodeBreaker.exe' != '' and 'CodeBreaker' != '' and 'CodeBreaker' != 'CodeBreaker').
       Task "VCMessage" skipped, due to false condition; ('%(Link.MinimumRequiredVersion)' != '' and ('%(Link.Subsystem)' == '' or '%(Link.Subsystem)' == 'NotSet')) was evaluated as ('' != '' and ('Console' == '' or 'Console' == 'NotSet')).
     1>Done building target "DoLinkOutputFilesMatch" in project "CodeBreaker.vcxproj".
     1>Target "PreLinkEvent" in file "C:\Program Files (x86)\MSBuild\Microsoft.Cpp\v4.0\V140\Microsoft.CppCommon.targets" from project "D:\My Documents\CodeBreaker\CodeBreaker\CodeBreaker.vcxproj" (target "_Link" depends on it):
       Task "Message" skipped, due to false condition; ('%(PreLinkEvent.Message)' != '' and '%(PreLinkEvent.Command)' != '') was evaluated as ('' != '' and '' != '').
       Task "Exec" skipped, due to false condition; ('%(PreLinkEvent.Command)' != '') was evaluated as ('' != '').
     1>Done building target "PreLinkEvent" in project "CodeBreaker.vcxproj".
     1>Target "ComputeLinkSwitches" in file "C:\Program Files (x86)\MSBuild\Microsoft.Cpp\v4.0\V140\Microsoft.CppCommon.targets" from project "D:\My Documents\CodeBreaker\CodeBreaker\CodeBreaker.vcxproj" (target "Link" depends on it):
     1>Done building target "ComputeLinkSwitches" in project "CodeBreaker.vcxproj".
     1>Target "Link" in file "C:\Program Files (x86)\MSBuild\Microsoft.Cpp\v4.0\V140\Microsoft.CppCommon.targets" from project "D:\My Documents\CodeBreaker\CodeBreaker\CodeBreaker.vcxproj" (target "_Link" depends on it):
       Using "Link" task from assembly "C:\Program Files (x86)\MSBuild\Microsoft.Cpp\v4.0\V140\Microsoft.Build.CppTasks.Common.dll".
       Task "Link"
         Write Tracking Logs:
         	Debug\CodeBreaker.tlog\link.write.1.tlog
         Read Tracking Logs:
         	Debug\CodeBreaker.tlog\link.read.1.tlog
         Outputs for D:\MY DOCUMENTS\CODEBREAKER\CODEBREAKER\DEBUG\AMSCO.OBJ|D:\MY DOCUMENTS\CODEBREAKER\CODEBREAKER\DEBUG\BIFID.OBJ|D:\MY DOCUMENTS\CODEBREAKER\CODEBREAKER\DEBUG\BINARYCONVERT.OBJ|D:\MY DOCUMENTS\CODEBREAKER\CODEBREAKER\DEBUG\CADENUS.OBJ|D:\MY DOCUMENTS\CODEBREAKER\CODEBREAKER\DEBUG\CODEBREAKER.OBJ|D:\MY DOCUMENTS\CODEBREAKER\CODEBREAKER\DEBUG\COLUMNARTRANSPOSITION.OBJ|D:\MY DOCUMENTS\CODEBREAKER\CODEBREAKER\DEBUG\FOURSQUARE.OBJ|D:\MY DOCUMENTS\CODEBREAKER\CODEBREAKER\DEBUG\GLOBALS.OBJ|D:\MY DOCUMENTS\CODEBREAKER\CODEBREAKER\DEBUG\HILL.OBJ|D:\MY DOCUMENTS\CODEBREAKER\CODEBREAKER\DEBUG\PLAYFAIR.OBJ|D:\MY DOCUMENTS\CODEBREAKER\CODEBREAKER\DEBUG\POLYBIUSSQUARE.OBJ|D:\MY DOCUMENTS\CODEBREAKER\CODEBREAKER\DEBUG\RAILFENCE.OBJ|D:\MY DOCUMENTS\CODEBREAKER\CODEBREAKER\DEBUG\SIMPLESUBSTITUTION.OBJ|D:\MY DOCUMENTS\CODEBREAKER\CODEBREAKER\DEBUG\STDAFX.OBJ|D:\MY DOCUMENTS\CODEBREAKER\CODEBREAKER\DEBUG\TRIFID.OBJ|D:\MY DOCUMENTS\CODEBREAKER\CODEBREAKER\DEBUG\VIGENERE.OBJ:
         	D:\MY DOCUMENTS\CODEBREAKER\DEBUG\CODEBREAKER.ILK
         	D:\MY DOCUMENTS\CODEBREAKER\DEBUG\CODEBREAKER.EXE
         	D:\MY DOCUMENTS\CODEBREAKER\DEBUG\CODEBREAKER.PDB
         Inputs for D:\MY DOCUMENTS\CODEBREAKER\CODEBREAKER\DEBUG\AMSCO.OBJ|D:\MY DOCUMENTS\CODEBREAKER\CODEBREAKER\DEBUG\BIFID.OBJ|D:\MY DOCUMENTS\CODEBREAKER\CODEBREAKER\DEBUG\BINARYCONVERT.OBJ|D:\MY DOCUMENTS\CODEBREAKER\CODEBREAKER\DEBUG\CADENUS.OBJ|D:\MY DOCUMENTS\CODEBREAKER\CODEBREAKER\DEBUG\CODEBREAKER.OBJ|D:\MY DOCUMENTS\CODEBREAKER\CODEBREAKER\DEBUG\COLUMNARTRANSPOSITION.OBJ|D:\MY DOCUMENTS\CODEBREAKER\CODEBREAKER\DEBUG\FOURSQUARE.OBJ|D:\MY DOCUMENTS\CODEBREAKER\CODEBREAKER\DEBUG\GLOBALS.OBJ|D:\MY DOCUMENTS\CODEBREAKER\CODEBREAKER\DEBUG\HILL.OBJ|D:\MY DOCUMENTS\CODEBREAKER\CODEBREAKER\DEBUG\PLAYFAIR.OBJ|D:\MY DOCUMENTS\CODEBREAKER\CODEBREAKER\DEBUG\POLYBIUSSQUARE.OBJ|D:\MY DOCUMENTS\CODEBREAKER\CODEBREAKER\DEBUG\RAILFENCE.OBJ|D:\MY DOCUMENTS\CODEBREAKER\CODEBREAKER\DEBUG\SIMPLESUBSTITUTION.OBJ|D:\MY DOCUMENTS\CODEBREAKER\CODEBREAKER\DEBUG\STDAFX.OBJ|D:\MY DOCUMENTS\CODEBREAKER\CODEBREAKER\DEBUG\TRIFID.OBJ|D:\MY DOCUMENTS\CODEBREAKER\CODEBREAKER\DEBUG\VIGENERE.OBJ:
         	C:\WINDOWS\GLOBALIZATION\SORTING\SORTDEFAULT.NLS
         	C:\PROGRAM FILES (X86)\WINDOWS KITS\8.1\LIB\WINV6.3\UM\X86\KERNEL32.LIB
         	C:\PROGRAM FILES (X86)\WINDOWS KITS\8.1\LIB\WINV6.3\UM\X86\USER32.LIB
         	C:\PROGRAM FILES (X86)\WINDOWS KITS\8.1\LIB\WINV6.3\UM\X86\GDI32.LIB
         	C:\PROGRAM FILES (X86)\WINDOWS KITS\8.1\LIB\WINV6.3\UM\X86\WINSPOOL.LIB
         	C:\PROGRAM FILES (X86)\WINDOWS KITS\8.1\LIB\WINV6.3\UM\X86\COMDLG32.LIB
         	C:\PROGRAM FILES (X86)\WINDOWS KITS\8.1\LIB\WINV6.3\UM\X86\ADVAPI32.LIB
         	C:\PROGRAM FILES (X86)\WINDOWS KITS\8.1\LIB\WINV6.3\UM\X86\SHELL32.LIB
         	C:\PROGRAM FILES (X86)\WINDOWS KITS\8.1\LIB\WINV6.3\UM\X86\OLE32.LIB
         	C:\PROGRAM FILES (X86)\WINDOWS KITS\8.1\LIB\WINV6.3\UM\X86\OLEAUT32.LIB
         	C:\PROGRAM FILES (X86)\WINDOWS KITS\8.1\LIB\WINV6.3\UM\X86\UUID.LIB
         	C:\PROGRAM FILES (X86)\WINDOWS KITS\8.1\LIB\WINV6.3\UM\X86\ODBC32.LIB
         	C:\PROGRAM FILES (X86)\WINDOWS KITS\8.1\LIB\WINV6.3\UM\X86\ODBCCP32.LIB
         	D:\MY DOCUMENTS\CODEBREAKER\CODEBREAKER\DEBUG\AMSCO.OBJ
         	D:\MY DOCUMENTS\CODEBREAKER\CODEBREAKER\DEBUG\BIFID.OBJ
         	D:\MY DOCUMENTS\CODEBREAKER\CODEBREAKER\DEBUG\BINARYCONVERT.OBJ
         	D:\MY DOCUMENTS\CODEBREAKER\CODEBREAKER\DEBUG\CADENUS.OBJ
         	D:\MY DOCUMENTS\CODEBREAKER\CODEBREAKER\DEBUG\CODEBREAKER.OBJ
         	D:\MY DOCUMENTS\CODEBREAKER\CODEBREAKER\DEBUG\COLUMNARTRANSPOSITION.OBJ
         	D:\MY DOCUMENTS\CODEBREAKER\CODEBREAKER\DEBUG\FOURSQUARE.OBJ
         	D:\MY DOCUMENTS\CODEBREAKER\CODEBREAKER\DEBUG\GLOBALS.OBJ
         	D:\MY DOCUMENTS\CODEBREAKER\CODEBREAKER\DEBUG\HILL.OBJ
         	D:\MY DOCUMENTS\CODEBREAKER\CODEBREAKER\DEBUG\PLAYFAIR.OBJ
         	D:\MY DOCUMENTS\CODEBREAKER\CODEBREAKER\DEBUG\POLYBIUSSQUARE.OBJ
         	D:\MY DOCUMENTS\CODEBREAKER\CODEBREAKER\DEBUG\RAILFENCE.OBJ
         	D:\MY DOCUMENTS\CODEBREAKER\CODEBREAKER\DEBUG\SIMPLESUBSTITUTION.OBJ
         	D:\MY DOCUMENTS\CODEBREAKER\CODEBREAKER\DEBUG\STDAFX.OBJ
         	D:\MY DOCUMENTS\CODEBREAKER\CODEBREAKER\DEBUG\TRIFID.OBJ
         	D:\MY DOCUMENTS\CODEBREAKER\CODEBREAKER\DEBUG\VIGENERE.OBJ
         	C:\WINDOWS\SYSTEM32\TZRES.DLL
         	C:\PROGRAM FILES (X86)\MICROSOFT VISUAL STUDIO 14.0\VC\LIB\MSVCPRTD.LIB
         	C:\PROGRAM FILES (X86)\MICROSOFT VISUAL STUDIO 14.0\VC\LIB\MSVCRTD.LIB
         	C:\PROGRAM FILES (X86)\MICROSOFT VISUAL STUDIO 14.0\VC\LIB\OLDNAMES.LIB
         	C:\PROGRAM FILES (X86)\MICROSOFT VISUAL STUDIO 14.0\VC\LIB\VCRUNTIMED.LIB
         	C:\PROGRAM FILES (X86)\WINDOWS KITS\10\LIB\10.0.10240.0\UCRT\X86\UCRTD.LIB
         Source compilation required: input D:\MY DOCUMENTS\CODEBREAKER\CODEBREAKER\DEBUG\HILL.OBJ is newer than output D:\MY DOCUMENTS\CODEBREAKER\DEBUG\CODEBREAKER.PDB.
         Environment Variables passed to tool:
           VS_UNICODE_OUTPUT=1364
         C:\Program Files (x86)\Microsoft Visual Studio 14.0\VC\bin\link.exe /ERRORREPORT:PROMPT /OUT:"D:\My Documents\CodeBreaker\Debug\CodeBreaker.exe" /INCREMENTAL /NOLOGO kernel32.lib user32.lib gdi32.lib winspool.lib comdlg32.lib advapi32.lib shell32.lib ole32.lib oleaut32.lib uuid.lib odbc32.lib odbccp32.lib /MANIFEST /MANIFESTUAC:"level='asInvoker' uiAccess='false'" /manifest:embed /DEBUG /PDB:"D:\My Documents\CodeBreaker\Debug\CodeBreaker.pdb" /SUBSYSTEM:CONSOLE /TLBID:1 /DYNAMICBASE /NXCOMPAT /IMPLIB:"D:\My Documents\CodeBreaker\Debug\CodeBreaker.lib" /MACHINE:X86 Debug\Amsco.obj
         Debug\Bifid.obj
         Debug\BinaryConvert.obj
         Debug\Cadenus.obj
         Debug\CodeBreaker.obj
         Debug\ColumnarTransposition.obj
         Debug\FourSquare.obj
         Debug\Globals.obj
         Debug\Hill.obj
         Debug\Playfair.obj
         Debug\PolybiusSquare.obj
         Debug\RailFence.obj
         Debug\SimpleSubstitution.obj
         Debug\stdafx.obj
         Debug\Trifid.obj
         Debug\Vigenere.obj
         Tracking command:
         C:\Program Files (x86)\MSBuild\14.0\bin\Tracker.exe /a /d "C:\Program Files (x86)\MSBuild\14.0\bin\FileTracker32.dll" /i "D:\My Documents\CodeBreaker\CodeBreaker\Debug\CodeBreaker.tlog" /r "D:\MY DOCUMENTS\CODEBREAKER\CODEBREAKER\DEBUG\AMSCO.OBJ|D:\MY DOCUMENTS\CODEBREAKER\CODEBREAKER\DEBUG\BIFID.OBJ|D:\MY DOCUMENTS\CODEBREAKER\CODEBREAKER\DEBUG\BINARYCONVERT.OBJ|D:\MY DOCUMENTS\CODEBREAKER\CODEBREAKER\DEBUG\CADENUS.OBJ|D:\MY DOCUMENTS\CODEBREAKER\CODEBREAKER\DEBUG\CODEBREAKER.OBJ|D:\MY DOCUMENTS\CODEBREAKER\CODEBREAKER\DEBUG\COLUMNARTRANSPOSITION.OBJ|D:\MY DOCUMENTS\CODEBREAKER\CODEBREAKER\DEBUG\FOURSQUARE.OBJ|D:\MY DOCUMENTS\CODEBREAKER\CODEBREAKER\DEBUG\GLOBALS.OBJ|D:\MY DOCUMENTS\CODEBREAKER\CODEBREAKER\DEBUG\HILL.OBJ|D:\MY DOCUMENTS\CODEBREAKER\CODEBREAKER\DEBUG\PLAYFAIR.OBJ|D:\MY DOCUMENTS\CODEBREAKER\CODEBREAKER\DEBUG\POLYBIUSSQUARE.OBJ|D:\MY DOCUMENTS\CODEBREAKER\CODEBREAKER\DEBUG\RAILFENCE.OBJ|D:\MY DOCUMENTS\CODEBREAKER\CODEBREAKER\DEBUG\SIMPLESUBSTITUTION.OBJ|D:\MY DOCUMENTS\CODEBREAKER\CODEBREAKER\DEBUG\STDAFX.OBJ|D:\MY DOCUMENTS\CODEBREAKER\CODEBREAKER\DEBUG\TRIFID.OBJ|D:\MY DOCUMENTS\CODEBREAKER\CODEBREAKER\DEBUG\VIGENERE.OBJ" /b MSBuildConsole_CancelEvent484903b0b4ab44ba98648d54d332f479  /c "C:\Program Files (x86)\Microsoft Visual Studio 14.0\VC\bin\link.exe"  /ERRORREPORT:PROMPT /OUT:"D:\My Documents\CodeBreaker\Debug\CodeBreaker.exe" /INCREMENTAL /NOLOGO kernel32.lib user32.lib gdi32.lib winspool.lib comdlg32.lib advapi32.lib shell32.lib ole32.lib oleaut32.lib uuid.lib odbc32.lib odbccp32.lib /MANIFEST /MANIFESTUAC:"level='asInvoker' uiAccess='false'" /manifest:embed /DEBUG /PDB:"D:\My Documents\CodeBreaker\Debug\CodeBreaker.pdb" /SUBSYSTEM:CONSOLE /TLBID:1 /DYNAMICBASE /NXCOMPAT /IMPLIB:"D:\My Documents\CodeBreaker\Debug\CodeBreaker.lib" /MACHINE:X86 Debug\Amsco.obj
         Debug\Bifid.obj
         Debug\BinaryConvert.obj
         Debug\Cadenus.obj
         Debug\CodeBreaker.obj
         Debug\ColumnarTransposition.obj
         Debug\FourSquare.obj
         Debug\Globals.obj
         Debug\Hill.obj
         Debug\Playfair.obj
         Debug\PolybiusSquare.obj
         Debug\RailFence.obj
         Debug\SimpleSubstitution.obj
         Debug\stdafx.obj
         Debug\Trifid.obj
         Debug\Vigenere.obj
       Done executing task "Link".
       Task "Message"
         CodeBreaker.vcxproj -> D:\My Documents\CodeBreaker\Debug\CodeBreaker.exe
       Done executing task "Message".
       Task "Message" skipped, due to false condition; (('$(EmbedManifestBy)' != 'LINK' or '$(LegacyManifestEmbedding)' != 'true' or '$(LinkSkippedExecution)' == 'true') and
                    %(Link.GenerateDebugInformation) == 'DebugFastLink') was evaluated as (('LINK' != 'LINK' or '' != 'true' or 'False' == 'true') and
                    true == 'DebugFastLink').
       Task "Message"
         CodeBreaker.vcxproj -> D:\My Documents\CodeBreaker\Debug\CodeBreaker.pdb (Full PDB)
       Done executing task "Message".
     1>Done building target "Link" in project "CodeBreaker.vcxproj".
       Target "MetaGenInputsOutputs" skipped, due to false condition; ('$(EnableManagedIncrementalBuild)' == 'True') was evaluated as ('false' == 'True').
       Target "ComputeMetaGenInputs" skipped, due to false condition; ('$(CLRSupport)'!='' and '$(CLRSupport)'!='false') was evaluated as ('false'!='' and 'false'!='false').
       Target "MetaGen" skipped, due to false condition; ('@(MetaGen)' != '') was evaluated as ('' != '').
     1>Target "ComputeLinkImportLibraryOutputsForClean" in file "C:\Program Files (x86)\MSBuild\Microsoft.Cpp\v4.0\V140\Microsoft.CppBuild.targets" from project "D:\My Documents\CodeBreaker\CodeBreaker\CodeBreaker.vcxproj" (target "_Link" depends on it):
       Task "WriteLinesToFile" skipped, due to false condition; ('@(_LinkSecondaryOutput)' != '') was evaluated as ('' != '').
     1>Done building target "ComputeLinkImportLibraryOutputsForClean" in project "CodeBreaker.vcxproj".
     1>Target "AfterLink" in file "C:\Program Files (x86)\MSBuild\Microsoft.Cpp\v4.0\V140\Microsoft.CppBuild.targets" from project "D:\My Documents\CodeBreaker\CodeBreaker\CodeBreaker.vcxproj" (target "_Link" depends on it):
     1>Done building target "AfterLink" in project "CodeBreaker.vcxproj".
     1>Target "_Link" in file "C:\Program Files (x86)\MSBuild\Microsoft.Cpp\v4.0\V140\Microsoft.CppBuild.targets" from project "D:\My Documents\CodeBreaker\CodeBreaker\CodeBreaker.vcxproj" (target "_BuildLinkAction" depends on it):
     1>Done building target "_Link" in project "CodeBreaker.vcxproj".
     1>Target "_ALink" in file "C:\Program Files (x86)\MSBuild\Microsoft.Cpp\v4.0\V140\Microsoft.CppBuild.targets" from project "D:\My Documents\CodeBreaker\CodeBreaker\CodeBreaker.vcxproj" (target "_BuildLinkAction" depends on it):
     1>Done building target "_ALink" in project "CodeBreaker.vcxproj".
       Target "ComputeLegacyManifestEmbedding" skipped. Previously built successfully.
     1>Target "_Manifest" in file "C:\Program Files (x86)\MSBuild\Microsoft.Cpp\v4.0\V140\Microsoft.CppBuild.targets" from project "D:\My Documents\CodeBreaker\CodeBreaker\CodeBreaker.vcxproj" (target "_BuildLinkAction" depends on it):
       Task "CallTarget" skipped, due to false condition; ('$(LegacyManifestEmbedding)' == 'true') was evaluated as ('' == 'true').
     1>Done building target "_Manifest" in project "CodeBreaker.vcxproj".
     1>Target "RegisterOutput" in file "C:\Program Files (x86)\MSBuild\Microsoft.Cpp\v4.0\V140\Microsoft.CppCommon.targets" from project "D:\My Documents\CodeBreaker\CodeBreaker\CodeBreaker.vcxproj" (target "_BuildLinkAction" depends on it):
       Task "Exec" skipped, due to false condition; ('$(ConfigurationType)'=='DynamicLibrary' and '%(Link.RegisterOutput)'=='true' and '%(Link.PerUserRedirection)'!='true') was evaluated as ('Application'=='DynamicLibrary' and 'false'=='true' and 'false'!='true').
       Task "Exec" skipped, due to false condition; ('$(ConfigurationType)'=='DynamicLibrary' and '%(Link.RegisterOutput)'=='true' and '%(Link.PerUserRedirection)'=='true') was evaluated as ('Application'=='DynamicLibrary' and 'false'=='true' and 'false'=='true').
       Task "Exec" skipped, due to false condition; ('$(ConfigurationType)'=='Application' and '%(Link.RegisterOutput)'=='true' and '%(Link.PerUserRedirection)'!='true') was evaluated as ('Application'=='Application' and 'false'=='true' and 'false'!='true').
       Task "Exec" skipped, due to false condition; ('$(ConfigurationType)'=='Application' and '%(Link.RegisterOutput)'=='true' and '%(Link.PerUserRedirection)'=='true') was evaluated as ('Application'=='Application' and 'false'=='true' and 'false'=='true').
       Task "VCMessage" skipped, due to false condition; ('$(_RegisterOutputExitCode)' != '' and '$(_RegisterOutputExitCode)' != '0') was evaluated as ('' != '' and '' != '0').
     1>Done building target "RegisterOutput" in project "CodeBreaker.vcxproj".
       Target "PrepareForBuild" skipped. Previously built successfully.
       Target "ResolveReferences" skipped. Previously built successfully.
     1>Target "ResolvedXDCMake" in file "C:\Program Files (x86)\MSBuild\Microsoft.Cpp\v4.0\V140\Microsoft.CppBuild.targets" from project "D:\My Documents\CodeBreaker\CodeBreaker\CodeBreaker.vcxproj" (target "_XdcMake" depends on it):
       Task "MSBuild" skipped, due to false condition; ('%(_MSBuildProjectReferenceExistent.Extension)' == '.vcxproj' and '@(ProjectReferenceWithConfiguration)' != '' and '@(_MSBuildProjectReferenceExistent)' != '' and '$(_ClCompileGenerateXMLDocumentationFiles)' == 'true') was evaluated as ('' == '.vcxproj' and '' != '' and '' != '' and '' == 'true').
     1>Done building target "ResolvedXDCMake" in project "CodeBreaker.vcxproj".
     1>Target "ComputeCLCompileGeneratedXDCFiles" in file "C:\Program Files (x86)\MSBuild\Microsoft.Cpp\v4.0\V140\Microsoft.CppBuild.targets" from project "D:\My Documents\CodeBreaker\CodeBreaker\CodeBreaker.vcxproj" (target "_XdcMake" depends on it):
     1>Done building target "ComputeCLCompileGeneratedXDCFiles" in project "CodeBreaker.vcxproj".
     1>Target "MakeDirsForXdcMake" in file "C:\Program Files (x86)\MSBuild\Microsoft.Cpp\v4.0\V140\Microsoft.CppBuild.targets" from project "D:\My Documents\CodeBreaker\CodeBreaker\CodeBreaker.vcxproj" (target "_XdcMake" depends on it):
       Task "MakeDir"
       Done executing task "MakeDir".
     1>Done building target "MakeDirsForXdcMake" in project "CodeBreaker.vcxproj".
       Target "XdcMake" skipped, due to false condition; ('@(XdcMake)' != '') was evaluated as ('' != '').
     1>Target "_XdcMake" in file "C:\Program Files (x86)\MSBuild\Microsoft.Cpp\v4.0\V140\Microsoft.CppBuild.targets" from project "D:\My Documents\CodeBreaker\CodeBreaker\CodeBreaker.vcxproj" (target "_BuildLinkAction" depends on it):
     1>Done building target "_XdcMake" in project "CodeBreaker.vcxproj".
     1>Target "ComputeCLCompileGeneratedSbrFiles" in file "C:\Program Files (x86)\MSBuild\Microsoft.Cpp\v4.0\V140\Microsoft.CppBuild.targets" from project "D:\My Documents\CodeBreaker\CodeBreaker\CodeBreaker.vcxproj" (target "_BscMake" depends on it):
     1>Done building target "ComputeCLCompileGeneratedSbrFiles" in project "CodeBreaker.vcxproj".
     1>Target "MakeDirsForBscMake" in file "C:\Program Files (x86)\MSBuild\Microsoft.Cpp\v4.0\V140\Microsoft.CppBuild.targets" from project "D:\My Documents\CodeBreaker\CodeBreaker\CodeBreaker.vcxproj" (target "_BscMake" depends on it):
       Task "MakeDir"
       Done executing task "MakeDir".
     1>Done building target "MakeDirsForBscMake" in project "CodeBreaker.vcxproj".
       Target "BscMake" skipped, due to false condition; ('@(BscMake)' != '') was evaluated as ('' != '').
       Target "CustomBuildStep" skipped, due to false condition; ('@(CustomBuildStep)' != '' and '$(SelectedFiles)'=='') was evaluated as ('' != '' and ''=='').
     1>Target "_BscMake" in file "C:\Program Files (x86)\MSBuild\Microsoft.Cpp\v4.0\V140\Microsoft.CppBuild.targets" from project "D:\My Documents\CodeBreaker\CodeBreaker\CodeBreaker.vcxproj" (target "_BuildLinkAction" depends on it):
     1>Done building target "_BscMake" in project "CodeBreaker.vcxproj".
       Target "RunMergeNativeCodeAnalysis" skipped, due to false condition; ('$(Language)'=='C++' and '$(RunCodeAnalysisOnThisProject)'=='true') was evaluated as ('C++'=='C++' and ''=='true').
       Target "RunNativeCodeAnalysis" skipped, due to false condition; ('$(Language)'=='C++' and '$(RunCodeAnalysisOnThisProject)'=='true') was evaluated as ('C++'=='C++' and ''=='true').
     1>Target "_GenerateSatelliteAssemblyInputs" in file "C:\Program Files (x86)\MSBuild\14.0\bin\Microsoft.Common.CurrentVersion.targets" from project "D:\My Documents\CodeBreaker\CodeBreaker\CodeBreaker.vcxproj" (target "CreateSatelliteAssemblies" depends on it):
       Task "Warning" skipped, due to false condition; ('@(ManifestResourceWithCulture)'!='' and '%(ManifestResourceWithCulture.EmittedForCompatibilityOnly)'=='') was evaluated as (''!='' and ''=='').
       Task "Warning" skipped, due to false condition; ('@(ManifestNonResxWithCultureOnDisk)'!='' and '%(ManifestNonResxWithCultureOnDisk.EmittedForCompatibilityOnly)'=='') was evaluated as (''!='' and ''=='').
     1>Done building target "_GenerateSatelliteAssemblyInputs" in project "CodeBreaker.vcxproj".
       Target "ComputeIntermediateSatelliteAssemblies" skipped, due to false condition; (@(ReferenceSatellitePaths->'%(DestinationSubDirectory)') != '') was evaluated as ( != '').
       Target "GenerateSatelliteAssemblies" skipped, due to false condition; ('@(_SatelliteAssemblyResourceInputs)' != '') was evaluated as ('' != '').
     1>Target "CreateSatelliteAssemblies" in file "C:\Program Files (x86)\MSBuild\14.0\bin\Microsoft.Common.CurrentVersion.targets" from project "D:\My Documents\CodeBreaker\CodeBreaker\CodeBreaker.vcxproj" (target "_BuildLinkAction" depends on it):
     1>Done building target "CreateSatelliteAssemblies" in project "CodeBreaker.vcxproj".
     1>Target "_Appverifier" in file "C:\Program Files (x86)\MSBuild\Microsoft.Cpp\v4.0\V140\Microsoft.CppBuild.targets" from project "D:\My Documents\CodeBreaker\CodeBreaker\CodeBreaker.vcxproj" (target "_BuildLinkAction" depends on it):
     1>Done building target "_Appverifier" in project "CodeBreaker.vcxproj".
     1>Target "_Deploy" in file "C:\Program Files (x86)\MSBuild\Microsoft.Cpp\v4.0\V140\Microsoft.CppBuild.targets" from project "D:\My Documents\CodeBreaker\CodeBreaker\CodeBreaker.vcxproj" (target "_BuildLinkAction" depends on it):
     1>Done building target "_Deploy" in project "CodeBreaker.vcxproj".
       Target "ComputeIntermediateSatelliteAssemblies" skipped, due to false condition; (@(ReferenceSatellitePaths->'%(DestinationSubDirectory)') != '') was evaluated as ( != '').
       Target "_CopyFilesMarkedCopyLocal" skipped, due to false condition; ('@(ReferenceCopyLocalPaths)' != '') was evaluated as ('' != '').
       Target "AssignTargetPaths" skipped. Previously built successfully.
       Target "_SplitProjectReferencesByFileExistence" skipped. Previously built successfully.
     1>Target "GetCopyToOutputDirectoryXamlAppDefs" in file "C:\WINDOWS\Microsoft.NET\Framework\v4.0.30319\Microsoft.Xaml.targets" from project "D:\My Documents\CodeBreaker\CodeBreaker\CodeBreaker.vcxproj" (target "GetCopyToOutputDirectoryItems" depends on it):
       Task "AssignTargetPath"
       Done executing task "AssignTargetPath".
     1>Done building target "GetCopyToOutputDirectoryXamlAppDefs" in project "CodeBreaker.vcxproj".
     1>Target "GetCopyToOutputDirectoryItems" in file "C:\Program Files (x86)\MSBuild\14.0\bin\Microsoft.Common.CurrentVersion.targets" from project "D:\My Documents\CodeBreaker\CodeBreaker\CodeBreaker.vcxproj" (target "_CopySourceItemsToOutputDirectory" depends on it):
       Task "MSBuild" skipped, due to false condition; ('@(_MSBuildProjectReferenceExistent)' != '' and '$(_GetChildProjectCopyToOutputDirectoryItems)' == 'true' and '%(_MSBuildProjectReferenceExistent.Private)' != 'false' and '$(UseCommonOutputDirectory)' != 'true') was evaluated as ('' != '' and 'true' == 'true' and '' != 'false' and 'false' != 'true').
       Task "AssignTargetPath"
       Done executing task "AssignTargetPath".
     1>Done building target "GetCopyToOutputDirectoryItems" in project "CodeBreaker.vcxproj".
       Target "_CopyOutOfDateSourceItemsToOutputDirectory" skipped, due to false condition; ( '@(_SourceItemsToCopyToOutputDirectory)' != '' ) was evaluated as ( '' != '' ).
       Target "_CopyOutOfDateSourceItemsToOutputDirectoryAlways" skipped, due to false condition; ( '@(_SourceItemsToCopyToOutputDirectoryAlways)' != '' ) was evaluated as ( '' != '' ).
     1>Target "_CopySourceItemsToOutputDirectory" in file "C:\Program Files (x86)\MSBuild\14.0\bin\Microsoft.Common.CurrentVersion.targets" from project "D:\My Documents\CodeBreaker\CodeBreaker\CodeBreaker.vcxproj" (target "CopyFilesToOutputDirectory" depends on it):
     1>Done building target "_CopySourceItemsToOutputDirectory" in project "CodeBreaker.vcxproj".
       Target "_CopyAppConfigFile" skipped, due to false condition; ( '@(AppConfigWithTargetPath)' != '' ) was evaluated as ( '' != '' ).
       Target "_CopyManifestFiles" skipped, due to false condition; ( '$(_DeploymentCopyApplicationManifest)'=='true' or '$(GenerateClickOnceManifests)'=='true' ) was evaluated as ( ''=='true' or ''=='true' ).
     1>Target "_CheckForCompileOutputs" in file "C:\Program Files (x86)\MSBuild\14.0\bin\Microsoft.Common.CurrentVersion.targets" from project "D:\My Documents\CodeBreaker\CodeBreaker\CodeBreaker.vcxproj" (target "CopyFilesToOutputDirectory" depends on it):
     1>Done building target "_CheckForCompileOutputs" in project "CodeBreaker.vcxproj".
       Target "_SGenCheckForOutputs" skipped, due to false condition; ('$(_SGenGenerateSerializationAssembliesConfig)' == 'On' or ('@(WebReferenceUrl)'!='' and '$(_SGenGenerateSerializationAssembliesConfig)' == 'Auto')) was evaluated as ('Off' == 'On' or (''!='' and 'Off' == 'Auto')).
     1>Target "CopyFilesToOutputDirectory" in file "C:\Program Files (x86)\MSBuild\14.0\bin\Microsoft.Common.CurrentVersion.targets" from project "D:\My Documents\CodeBreaker\CodeBreaker\CodeBreaker.vcxproj" (target "PrepareForRun" depends on it):
       Task "Copy" skipped, due to false condition; ('$(CopyBuildOutputToOutputDirectory)' == 'true' and '$(SkipCopyBuildProduct)' != 'true') was evaluated as ('true' == 'true' and 'true' != 'true').
       Task "Message" skipped, due to false condition; ('$(CopyBuildOutputToOutputDirectory)' == 'true' and '$(SkipCopyBuildProduct)'!='true') was evaluated as ('true' == 'true' and 'true'!='true').
       Task "Copy" skipped, due to false condition; ('@(AddModules)' != '') was evaluated as ('' != '').
       Task "Copy" skipped, due to false condition; ('$(_SGenDllCreated)'=='true') was evaluated as ('false'=='true').
       Task "Copy" skipped, due to false condition; ('$(_DebugSymbolsProduced)'=='true' and '$(SkipCopyingSymbolsToOutputDirectory)' != 'true' and '$(CopyOutputSymbolsToOutputDirectory)'=='true') was evaluated as ('false'=='true' and '' != 'true' and 'true'=='true').
       Task "Copy" skipped, due to false condition; ('$(_DocumentationFileProduced)'=='true') was evaluated as ('false'=='true').
       Task "Copy" skipped, due to false condition; ('@(IntermediateSatelliteAssembliesWithTargetPath)' != '') was evaluated as ('' != '').
       Task "Copy" skipped, due to false condition; ('@(ReferenceComWrappersToCopyLocal)' != '' or '@(ResolvedIsolatedComModules)' != '' or '@(_DeploymentLooseManifestFile)' != '' or '@(NativeReferenceFile)' != '' ) was evaluated as ('' != '' or '' != '' or '' != '' or '' != '' ).
       Task "Copy" skipped, due to false condition; ('$(SkipCopyWinMDArtifact)' != 'true' and '@(WinMDExpArtifacts)' != '') was evaluated as ('' != 'true' and '' != '').
       Task "Message" skipped, due to false condition; ('$(SkipCopyWinMDArtifact)' != 'true' and '$(_WindowsMetadataOutputPath)' != '') was evaluated as ('' != 'true' and '' != '').
     1>Done building target "CopyFilesToOutputDirectory" in project "CodeBreaker.vcxproj".
     1>Target "PrepareForRun" in file "C:\Program Files (x86)\MSBuild\14.0\bin\Microsoft.Common.CurrentVersion.targets" from project "D:\My Documents\CodeBreaker\CodeBreaker\CodeBreaker.vcxproj" (target "_BuildLinkAction" depends on it):
     1>Done building target "PrepareForRun" in project "CodeBreaker.vcxproj".
       Target "CustomBuildStep" skipped, due to false condition; ('@(CustomBuildStep)' != '' and '$(SelectedFiles)'=='') was evaluated as ('' != '' and ''=='').
     1>Target "PostBuildEvent" in file "C:\Program Files (x86)\MSBuild\Microsoft.Cpp\v4.0\V140\Microsoft.CppCommon.targets" from project "D:\My Documents\CodeBreaker\CodeBreaker\CodeBreaker.vcxproj" (target "_BuildLinkAction" depends on it):
       Task "Message" skipped, due to false condition; ('%(PostBuildEvent.Message)' != '' and '%(PostBuildEvent.Command)' != '') was evaluated as ('' != '' and '' != '').
       Task "Exec" skipped, due to false condition; ('%(PostBuildEvent.Command)' != '') was evaluated as ('' != '').
     1>Done building target "PostBuildEvent" in project "CodeBreaker.vcxproj".
     1>Target "_BuildLinkAction" in file "C:\Program Files (x86)\MSBuild\Microsoft.Cpp\v4.0\V140\Microsoft.CppBuild.targets" from project "D:\My Documents\CodeBreaker\CodeBreaker\CodeBreaker.vcxproj" (target "BuildLink" depends on it):
     1>Done building target "_BuildLinkAction" in project "CodeBreaker.vcxproj".
     1>Target "BuildLink" in file "C:\Program Files (x86)\MSBuild\14.0\bin\Microsoft.Common.CurrentVersion.targets" from project "D:\My Documents\CodeBreaker\CodeBreaker\CodeBreaker.vcxproj" (target "Build" depends on it):
     1>Done building target "BuildLink" in project "CodeBreaker.vcxproj".
       Target "CreateTfsBuildInfoResource" skipped, due to false condition; ( $(AddBuildInfoToAssembly)==true ) was evaluated as ( false==true ).
     1>Target "AfterBuild" in file "C:\Program Files (x86)\MSBuild\Microsoft.Cpp\v4.0\V140\Microsoft.BuildSteps.Targets" from project "D:\My Documents\CodeBreaker\CodeBreaker\CodeBreaker.vcxproj" (target "Build" depends on it):
     1>Done building target "AfterBuild" in project "CodeBreaker.vcxproj".
     1>Target "FinalizeBuildStatus" in file "C:\Program Files (x86)\MSBuild\Microsoft.Cpp\v4.0\V140\Microsoft.CppBuild.targets" from project "D:\My Documents\CodeBreaker\CodeBreaker\CodeBreaker.vcxproj" (target "Build" depends on it):
       Using "Delete" task from assembly "Microsoft.Build.Tasks.Core, Version=14.0.0.0, Culture=neutral, PublicKeyToken=b03f5f7f11d50a3a".
       Task "Delete"
         Deleting file "Debug\CodeBreaker.tlog\unsuccessfulbuild".
       Done executing task "Delete".
       Task "Touch"
         Touching "Debug\CodeBreaker.tlog\CodeBreaker.lastbuildstate".
       Done executing task "Touch".
     1>Done building target "FinalizeBuildStatus" in project "CodeBreaker.vcxproj".
     1>Target "Build" in file "C:\Program Files (x86)\MSBuild\Microsoft.Cpp\v4.0\V140\Microsoft.BuildSteps.Targets" from project "D:\My Documents\CodeBreaker\CodeBreaker\CodeBreaker.vcxproj" (entry point):
     1>Done building target "Build" in project "CodeBreaker.vcxproj".
     1>Done Building Project "D:\My Documents\CodeBreaker\CodeBreaker\CodeBreaker.vcxproj" (Build target(s)).

Build succeeded.

Time Elapsed 00:00:01.26
