e:\my documents\visual studio 2013\projects\codebreaker\codebreaker\release\vc120.pdb
e:\my documents\visual studio 2013\projects\codebreaker\codebreaker\release\vigenere.nativecodeanalysis.xml
e:\my documents\visual studio 2013\projects\codebreaker\codebreaker\release\trifid.nativecodeanalysis.xml
e:\my documents\visual studio 2013\projects\codebreaker\codebreaker\release\simplesubstitution.nativecodeanalysis.xml
e:\my documents\visual studio 2013\projects\codebreaker\codebreaker\release\railfence.nativecodeanalysis.xml
e:\my documents\visual studio 2013\projects\codebreaker\codebreaker\release\globals.nativecodeanalysis.xml
e:\my documents\visual studio 2013\projects\codebreaker\codebreaker\release\foursquare.nativecodeanalysis.xml
e:\my documents\visual studio 2013\projects\codebreaker\codebreaker\release\columnartransposition.nativecodeanalysis.xml
e:\my documents\visual studio 2013\projects\codebreaker\codebreaker\release\codebreaker.nativecodeanalysis.xml
e:\my documents\visual studio 2013\projects\codebreaker\codebreaker\release\bifid.nativecodeanalysis.xml
e:\my documents\visual studio 2013\projects\codebreaker\codebreaker\release\bifid.obj
e:\my documents\visual studio 2013\projects\codebreaker\codebreaker\release\codebreaker.obj
e:\my documents\visual studio 2013\projects\codebreaker\codebreaker\release\columnartransposition.obj
e:\my documents\visual studio 2013\projects\codebreaker\codebreaker\release\foursquare.obj
e:\my documents\visual studio 2013\projects\codebreaker\codebreaker\release\globals.obj
e:\my documents\visual studio 2013\projects\codebreaker\codebreaker\release\railfence.obj
e:\my documents\visual studio 2013\projects\codebreaker\codebreaker\release\simplesubstitution.obj
e:\my documents\visual studio 2013\projects\codebreaker\codebreaker\release\trifid.obj
e:\my documents\visual studio 2013\projects\codebreaker\codebreaker\release\vigenere.obj
e:\my documents\visual studio 2013\projects\codebreaker\codebreaker\release\codebreaker.pch
e:\my documents\visual studio 2013\projects\codebreaker\codebreaker\release\stdafx.obj
e:\my documents\visual studio 2013\projects\codebreaker\release\codebreaker.exe
e:\my documents\visual studio 2013\projects\codebreaker\release\codebreaker.pdb
e:\my documents\visual studio 2013\projects\codebreaker\codebreaker\release\nativecodeanalysis.read.1.tlog
e:\my documents\visual studio 2013\projects\codebreaker\codebreaker\release\stdafx.nativecodeanalysis.xml
e:\my documents\visual studio 2013\projects\codebreaker\codebreaker\release\vc.nativecodeanalysis.all.xml
e:\my documents\visual studio 2013\projects\codebreaker\release\codebreaker.exe.lastcodeanalysissucceeded
e:\my documents\visual studio 2013\projects\codebreaker\codebreaker\release\codebreaker.tlog\cl.command.1.tlog
e:\my documents\visual studio 2013\projects\codebreaker\codebreaker\release\codebreaker.tlog\cl.read.1.tlog
e:\my documents\visual studio 2013\projects\codebreaker\codebreaker\release\codebreaker.tlog\cl.write.1.tlog
e:\my documents\visual studio 2013\projects\codebreaker\codebreaker\release\codebreaker.tlog\link.command.1.tlog
e:\my documents\visual studio 2013\projects\codebreaker\codebreaker\release\codebreaker.tlog\link.read.1.tlog
e:\my documents\visual studio 2013\projects\codebreaker\codebreaker\release\codebreaker.tlog\link.write.1.tlog
